[0.779s] Invoking command in '/home/edu/diff_offset_robot/src/model_robot': PYTHONPATH=/home/edu/diff_offset_robot/build/model_robot/prefix_override:/usr/lib/python3/dist-packages/colcon_core/task/python/colcon_distutils_commands:/home/edu/diff_offset_robot/install/model_robot/lib/python3.10/site-packages:${PYTHONPATH} /usr/bin/python3 -W ignore:setup.py install is deprecated -W ignore:easy_install command is deprecated setup.py egg_info --egg-base ../../build/model_robot build --build-base /home/edu/diff_offset_robot/build/model_robot/build install --record /home/edu/diff_offset_robot/build/model_robot/install.log --single-version-externally-managed install_data
[0.967s] running egg_info
[0.968s] writing ../../build/model_robot/model_robot.egg-info/PKG-INFO
[0.968s] writing dependency_links to ../../build/model_robot/model_robot.egg-info/dependency_links.txt
[0.968s] writing entry points to ../../build/model_robot/model_robot.egg-info/entry_points.txt
[0.969s] writing requirements to ../../build/model_robot/model_robot.egg-info/requires.txt
[0.969s] writing top-level names to ../../build/model_robot/model_robot.egg-info/top_level.txt
[0.970s] reading manifest file '../../build/model_robot/model_robot.egg-info/SOURCES.txt'
[0.970s] adding license file 'LICENSE'
[0.971s] writing manifest file '../../build/model_robot/model_robot.egg-info/SOURCES.txt'
[0.971s] running build
[0.971s] running build_py
[0.971s] running install
[0.972s] running install_lib
[0.973s] running install_data
[0.973s] copying urdf/diff_offset_robot.urdf.xacro -> /home/edu/diff_offset_robot/install/model_robot/share/model_robot/urdf
[0.973s] copying config/ros2_controller.yaml -> /home/edu/diff_offset_robot/install/model_robot/share/model_robot/config
[0.974s] running install_egg_info
[0.975s] removing '/home/edu/diff_offset_robot/install/model_robot/lib/python3.10/site-packages/model_robot-0.0.0-py3.10.egg-info' (and everything under it)
[0.975s] Copying ../../build/model_robot/model_robot.egg-info to /home/edu/diff_offset_robot/install/model_robot/lib/python3.10/site-packages/model_robot-0.0.0-py3.10.egg-info
[0.976s] running install_scripts
[0.991s] writing list of installed files to '/home/edu/diff_offset_robot/build/model_robot/install.log'
[1.014s] Invoked command in '/home/edu/diff_offset_robot/src/model_robot' returned '0': PYTHONPATH=/home/edu/diff_offset_robot/build/model_robot/prefix_override:/usr/lib/python3/dist-packages/colcon_core/task/python/colcon_distutils_commands:/home/edu/diff_offset_robot/install/model_robot/lib/python3.10/site-packages:${PYTHONPATH} /usr/bin/python3 -W ignore:setup.py install is deprecated -W ignore:easy_install command is deprecated setup.py egg_info --egg-base ../../build/model_robot build --build-base /home/edu/diff_offset_robot/build/model_robot/build install --record /home/edu/diff_offset_robot/build/model_robot/install.log --single-version-externally-managed install_data
