[0.707s] Invoking command in '/home/edu/diff_offset_robot/src/model_robot': PYTHONPATH=/home/edu/diff_offset_robot/build/model_robot/prefix_override:/usr/lib/python3/dist-packages/colcon_core/task/python/colcon_distutils_commands:/home/edu/diff_offset_robot/install/model_robot/lib/python3.10/site-packages:${PYTHONPATH} /usr/bin/python3 -W ignore:setup.py install is deprecated -W ignore:easy_install command is deprecated setup.py egg_info --egg-base ../../build/model_robot build --build-base /home/edu/diff_offset_robot/build/model_robot/build install --record /home/edu/diff_offset_robot/build/model_robot/install.log --single-version-externally-managed install_data
[0.963s] running egg_info
[0.964s] writing ../../build/model_robot/model_robot.egg-info/PKG-INFO
[0.964s] writing dependency_links to ../../build/model_robot/model_robot.egg-info/dependency_links.txt
[0.964s] writing entry points to ../../build/model_robot/model_robot.egg-info/entry_points.txt
[0.964s] writing requirements to ../../build/model_robot/model_robot.egg-info/requires.txt
[0.964s] writing top-level names to ../../build/model_robot/model_robot.egg-info/top_level.txt
[0.966s] reading manifest file '../../build/model_robot/model_robot.egg-info/SOURCES.txt'
[0.966s] adding license file 'LICENSE'
[0.967s] writing manifest file '../../build/model_robot/model_robot.egg-info/SOURCES.txt'
[0.967s] running build
[0.967s] running build_py
[0.968s] running install
[0.968s] running install_lib
[0.969s] running install_data
[0.969s] copying urdf/diff_offset_robot.urdf -> /home/edu/diff_offset_robot/install/model_robot/share/model_robot/urdf
[0.970s] copying meshes/body_wheel_link.STL -> /home/edu/diff_offset_robot/install/model_robot/share/model_robot/meshes
[0.970s] copying meshes/lidar_link.STL -> /home/edu/diff_offset_robot/install/model_robot/share/model_robot/meshes
[0.970s] copying meshes/base_link.STL -> /home/edu/diff_offset_robot/install/model_robot/share/model_robot/meshes
[0.971s] copying meshes/top_base_link.STL -> /home/edu/diff_offset_robot/install/model_robot/share/model_robot/meshes
[0.971s] copying meshes/left_wheel_link.STL -> /home/edu/diff_offset_robot/install/model_robot/share/model_robot/meshes
[0.972s] copying meshes/caster_wheel_link.STL -> /home/edu/diff_offset_robot/install/model_robot/share/model_robot/meshes
[0.972s] copying meshes/right_wheel_link.STL -> /home/edu/diff_offset_robot/install/model_robot/share/model_robot/meshes
[0.973s] running install_egg_info
[0.975s] removing '/home/edu/diff_offset_robot/install/model_robot/lib/python3.10/site-packages/model_robot-0.0.0-py3.10.egg-info' (and everything under it)
[0.975s] Copying ../../build/model_robot/model_robot.egg-info to /home/edu/diff_offset_robot/install/model_robot/lib/python3.10/site-packages/model_robot-0.0.0-py3.10.egg-info
[0.977s] running install_scripts
[1.000s] writing list of installed files to '/home/edu/diff_offset_robot/build/model_robot/install.log'
[1.029s] Invoked command in '/home/edu/diff_offset_robot/src/model_robot' returned '0': PYTHONPATH=/home/edu/diff_offset_robot/build/model_robot/prefix_override:/usr/lib/python3/dist-packages/colcon_core/task/python/colcon_distutils_commands:/home/edu/diff_offset_robot/install/model_robot/lib/python3.10/site-packages:${PYTHONPATH} /usr/bin/python3 -W ignore:setup.py install is deprecated -W ignore:easy_install command is deprecated setup.py egg_info --egg-base ../../build/model_robot build --build-base /home/edu/diff_offset_robot/build/model_robot/build install --record /home/edu/diff_offset_robot/build/model_robot/install.log --single-version-externally-managed install_data
