[0.426s] Invoking command in '/home/edu/diff_offset_robot/src/model_robot': PYTHONPATH=/home/edu/diff_offset_robot/build/model_robot/prefix_override:/usr/lib/python3/dist-packages/colcon_core/task/python/colcon_distutils_commands:/home/edu/diff_offset_robot/install/model_robot/lib/python3.10/site-packages:${PYTHONPATH} /usr/bin/python3 -W ignore:setup.py install is deprecated -W ignore:easy_install command is deprecated setup.py egg_info --egg-base ../../build/model_robot build --build-base /home/edu/diff_offset_robot/build/model_robot/build install --record /home/edu/diff_offset_robot/build/model_robot/install.log --single-version-externally-managed install_data
[0.590s] running egg_info
[0.590s] creating ../../build/model_robot/model_robot.egg-info
[0.590s] writing ../../build/model_robot/model_robot.egg-info/PKG-INFO
[0.591s] writing dependency_links to ../../build/model_robot/model_robot.egg-info/dependency_links.txt
[0.591s] writing entry points to ../../build/model_robot/model_robot.egg-info/entry_points.txt
[0.591s] writing requirements to ../../build/model_robot/model_robot.egg-info/requires.txt
[0.591s] writing top-level names to ../../build/model_robot/model_robot.egg-info/top_level.txt
[0.591s] writing manifest file '../../build/model_robot/model_robot.egg-info/SOURCES.txt'
[0.592s] reading manifest file '../../build/model_robot/model_robot.egg-info/SOURCES.txt'
[0.592s] adding license file 'LICENSE'
[0.592s] writing manifest file '../../build/model_robot/model_robot.egg-info/SOURCES.txt'
[0.592s] running build
[0.592s] running build_py
[0.592s] creating /home/edu/diff_offset_robot/build/model_robot/build
[0.592s] creating /home/edu/diff_offset_robot/build/model_robot/build/lib
[0.592s] creating /home/edu/diff_offset_robot/build/model_robot/build/lib/model_robot
[0.592s] copying model_robot/__init__.py -> /home/edu/diff_offset_robot/build/model_robot/build/lib/model_robot
[0.593s] running install
[0.593s] running install_lib
[0.593s] creating /home/edu/diff_offset_robot/install/model_robot/lib/python3.10/site-packages/model_robot
[0.593s] copying /home/edu/diff_offset_robot/build/model_robot/build/lib/model_robot/__init__.py -> /home/edu/diff_offset_robot/install/model_robot/lib/python3.10/site-packages/model_robot
[0.594s] byte-compiling /home/edu/diff_offset_robot/install/model_robot/lib/python3.10/site-packages/model_robot/__init__.py to __init__.cpython-310.pyc
[0.594s] running install_data
[0.594s] creating /home/edu/diff_offset_robot/install/model_robot/share/ament_index
[0.594s] creating /home/edu/diff_offset_robot/install/model_robot/share/ament_index/resource_index
[0.594s] creating /home/edu/diff_offset_robot/install/model_robot/share/ament_index/resource_index/packages
[0.594s] copying resource/model_robot -> /home/edu/diff_offset_robot/install/model_robot/share/ament_index/resource_index/packages
[0.594s] copying package.xml -> /home/edu/diff_offset_robot/install/model_robot/share/model_robot
[0.594s] creating /home/edu/diff_offset_robot/install/model_robot/share/model_robot/urdf
[0.594s] copying urdf/diff_offset_robot.urdf -> /home/edu/diff_offset_robot/install/model_robot/share/model_robot/urdf
[0.594s] creating /home/edu/diff_offset_robot/install/model_robot/share/model_robot/launch
[0.594s] copying launch/display.launch.py -> /home/edu/diff_offset_robot/install/model_robot/share/model_robot/launch
[0.595s] creating /home/edu/diff_offset_robot/install/model_robot/share/model_robot/meshes
[0.595s] copying meshes/lidar_link.STL -> /home/edu/diff_offset_robot/install/model_robot/share/model_robot/meshes
[0.595s] copying meshes/base_link.STL -> /home/edu/diff_offset_robot/install/model_robot/share/model_robot/meshes
[0.595s] copying meshes/top_base_link.STL -> /home/edu/diff_offset_robot/install/model_robot/share/model_robot/meshes
[0.595s] copying meshes/left_wheel_link.STL -> /home/edu/diff_offset_robot/install/model_robot/share/model_robot/meshes
[0.595s] copying meshes/right_wheel_link.STL -> /home/edu/diff_offset_robot/install/model_robot/share/model_robot/meshes
[0.595s] running install_egg_info
[0.596s] Copying ../../build/model_robot/model_robot.egg-info to /home/edu/diff_offset_robot/install/model_robot/lib/python3.10/site-packages/model_robot-0.0.0-py3.10.egg-info
[0.597s] running install_scripts
[0.611s] writing list of installed files to '/home/edu/diff_offset_robot/build/model_robot/install.log'
[0.627s] Invoked command in '/home/edu/diff_offset_robot/src/model_robot' returned '0': PYTHONPATH=/home/edu/diff_offset_robot/build/model_robot/prefix_override:/usr/lib/python3/dist-packages/colcon_core/task/python/colcon_distutils_commands:/home/edu/diff_offset_robot/install/model_robot/lib/python3.10/site-packages:${PYTHONPATH} /usr/bin/python3 -W ignore:setup.py install is deprecated -W ignore:easy_install command is deprecated setup.py egg_info --egg-base ../../build/model_robot build --build-base /home/edu/diff_offset_robot/build/model_robot/build install --record /home/edu/diff_offset_robot/build/model_robot/install.log --single-version-externally-managed install_data
