[2.138s] Invoking command in '/home/edu/diff_offset_robot/src/kinematics_controller': PYTHONPATH=/home/edu/diff_offset_robot/build/kinematics_controller/prefix_override:/usr/lib/python3/dist-packages/colcon_core/task/python/colcon_distutils_commands:/home/edu/diff_offset_robot/install/kinematics_controller/lib/python3.10/site-packages:${PYTHONPATH} /usr/bin/python3 -W ignore:setup.py install is deprecated -W ignore:easy_install command is deprecated setup.py egg_info --egg-base ../../build/kinematics_controller build --build-base /home/edu/diff_offset_robot/build/kinematics_controller/build install --record /home/edu/diff_offset_robot/build/kinematics_controller/install.log --single-version-externally-managed install_data
[2.671s] running egg_info
[2.673s] writing ../../build/kinematics_controller/kinematics_controller.egg-info/PKG-INFO
[2.673s] writing dependency_links to ../../build/kinematics_controller/kinematics_controller.egg-info/dependency_links.txt
[2.674s] writing entry points to ../../build/kinematics_controller/kinematics_controller.egg-info/entry_points.txt
[2.674s] writing requirements to ../../build/kinematics_controller/kinematics_controller.egg-info/requires.txt
[2.674s] writing top-level names to ../../build/kinematics_controller/kinematics_controller.egg-info/top_level.txt
[2.678s] reading manifest file '../../build/kinematics_controller/kinematics_controller.egg-info/SOURCES.txt'
[2.683s] writing manifest file '../../build/kinematics_controller/kinematics_controller.egg-info/SOURCES.txt'
[2.683s] running build
[2.683s] running build_py
[2.684s] copying kinematics_controller/data_logger.py -> /home/edu/diff_offset_robot/build/kinematics_controller/build/lib/kinematics_controller
[2.684s] copying kinematics_controller/kinematics_node.py -> /home/edu/diff_offset_robot/build/kinematics_controller/build/lib/kinematics_controller
[2.685s] running install
[2.686s] running install_lib
[2.687s] copying /home/edu/diff_offset_robot/build/kinematics_controller/build/lib/kinematics_controller/data_logger.py -> /home/edu/diff_offset_robot/install/kinematics_controller/lib/python3.10/site-packages/kinematics_controller
[2.688s] copying /home/edu/diff_offset_robot/build/kinematics_controller/build/lib/kinematics_controller/kinematics_node.py -> /home/edu/diff_offset_robot/install/kinematics_controller/lib/python3.10/site-packages/kinematics_controller
[2.689s] byte-compiling /home/edu/diff_offset_robot/install/kinematics_controller/lib/python3.10/site-packages/kinematics_controller/data_logger.py to data_logger.cpython-310.pyc
[2.693s] byte-compiling /home/edu/diff_offset_robot/install/kinematics_controller/lib/python3.10/site-packages/kinematics_controller/kinematics_node.py to kinematics_node.cpython-310.pyc
[2.695s] running install_data
[2.696s] running install_egg_info
[2.701s] removing '/home/edu/diff_offset_robot/install/kinematics_controller/lib/python3.10/site-packages/kinematics_controller-0.0.0-py3.10.egg-info' (and everything under it)
[2.702s] Copying ../../build/kinematics_controller/kinematics_controller.egg-info to /home/edu/diff_offset_robot/install/kinematics_controller/lib/python3.10/site-packages/kinematics_controller-0.0.0-py3.10.egg-info
[2.704s] running install_scripts
[2.746s] Installing kinematics_node script to /home/edu/diff_offset_robot/install/kinematics_controller/lib/kinematics_controller
[2.746s] Installing teleop_node script to /home/edu/diff_offset_robot/install/kinematics_controller/lib/kinematics_controller
[2.747s] writing list of installed files to '/home/edu/diff_offset_robot/build/kinematics_controller/install.log'
[2.819s] Invoked command in '/home/edu/diff_offset_robot/src/kinematics_controller' returned '0': PYTHONPATH=/home/edu/diff_offset_robot/build/kinematics_controller/prefix_override:/usr/lib/python3/dist-packages/colcon_core/task/python/colcon_distutils_commands:/home/edu/diff_offset_robot/install/kinematics_controller/lib/python3.10/site-packages:${PYTHONPATH} /usr/bin/python3 -W ignore:setup.py install is deprecated -W ignore:easy_install command is deprecated setup.py egg_info --egg-base ../../build/kinematics_controller build --build-base /home/edu/diff_offset_robot/build/kinematics_controller/build install --record /home/edu/diff_offset_robot/build/kinematics_controller/install.log --single-version-externally-managed install_data
