[0.779s] Invoking command in '/home/edu/diff_offset_robot/src/kinematics_controller': PYTHONPATH=/home/edu/diff_offset_robot/build/kinematics_controller/prefix_override:/usr/lib/python3/dist-packages/colcon_core/task/python/colcon_distutils_commands:/home/edu/diff_offset_robot/install/kinematics_controller/lib/python3.10/site-packages:${PYTHONPATH} /usr/bin/python3 -W ignore:setup.py install is deprecated -W ignore:easy_install command is deprecated setup.py egg_info --egg-base ../../build/kinematics_controller build --build-base /home/edu/diff_offset_robot/build/kinematics_controller/build install --record /home/edu/diff_offset_robot/build/kinematics_controller/install.log --single-version-externally-managed install_data
[0.960s] running egg_info
[0.960s] writing ../../build/kinematics_controller/kinematics_controller.egg-info/PKG-INFO
[0.961s] writing dependency_links to ../../build/kinematics_controller/kinematics_controller.egg-info/dependency_links.txt
[0.961s] writing entry points to ../../build/kinematics_controller/kinematics_controller.egg-info/entry_points.txt
[0.961s] writing requirements to ../../build/kinematics_controller/kinematics_controller.egg-info/requires.txt
[0.961s] writing top-level names to ../../build/kinematics_controller/kinematics_controller.egg-info/top_level.txt
[0.962s] reading manifest file '../../build/kinematics_controller/kinematics_controller.egg-info/SOURCES.txt'
[0.969s] writing manifest file '../../build/kinematics_controller/kinematics_controller.egg-info/SOURCES.txt'
[0.969s] running build
[0.969s] running build_py
[0.969s] copying kinematics_controller/turret_continuous_logger.py -> /home/edu/diff_offset_robot/build/kinematics_controller/build/lib/kinematics_controller
[0.970s] running install
[0.971s] running install_lib
[0.971s] copying /home/edu/diff_offset_robot/build/kinematics_controller/build/lib/kinematics_controller/turret_continuous_logger.py -> /home/edu/diff_offset_robot/install/kinematics_controller/lib/python3.10/site-packages/kinematics_controller
[0.972s] byte-compiling /home/edu/diff_offset_robot/install/kinematics_controller/lib/python3.10/site-packages/kinematics_controller/turret_continuous_logger.py to turret_continuous_logger.cpython-310.pyc
[0.973s] running install_data
[0.973s] running install_egg_info
[0.974s] removing '/home/edu/diff_offset_robot/install/kinematics_controller/lib/python3.10/site-packages/kinematics_controller-0.0.0-py3.10.egg-info' (and everything under it)
[0.974s] Copying ../../build/kinematics_controller/kinematics_controller.egg-info to /home/edu/diff_offset_robot/install/kinematics_controller/lib/python3.10/site-packages/kinematics_controller-0.0.0-py3.10.egg-info
[0.976s] running install_scripts
[0.991s] Installing kinematics_node script to /home/edu/diff_offset_robot/install/kinematics_controller/lib/kinematics_controller
[0.991s] Installing manual_logger script to /home/edu/diff_offset_robot/install/kinematics_controller/lib/kinematics_controller
[0.991s] Installing platform_logger script to /home/edu/diff_offset_robot/install/kinematics_controller/lib/kinematics_controller
[0.991s] Installing teleop_node script to /home/edu/diff_offset_robot/install/kinematics_controller/lib/kinematics_controller
[0.991s] Installing turret_logger script to /home/edu/diff_offset_robot/install/kinematics_controller/lib/kinematics_controller
[0.991s] Installing vxy_logger script to /home/edu/diff_offset_robot/install/kinematics_controller/lib/kinematics_controller
[0.991s] Installing wheel_logger script to /home/edu/diff_offset_robot/install/kinematics_controller/lib/kinematics_controller
[0.992s] writing list of installed files to '/home/edu/diff_offset_robot/build/kinematics_controller/install.log'
[1.011s] Invoked command in '/home/edu/diff_offset_robot/src/kinematics_controller' returned '0': PYTHONPATH=/home/edu/diff_offset_robot/build/kinematics_controller/prefix_override:/usr/lib/python3/dist-packages/colcon_core/task/python/colcon_distutils_commands:/home/edu/diff_offset_robot/install/kinematics_controller/lib/python3.10/site-packages:${PYTHONPATH} /usr/bin/python3 -W ignore:setup.py install is deprecated -W ignore:easy_install command is deprecated setup.py egg_info --egg-base ../../build/kinematics_controller build --build-base /home/edu/diff_offset_robot/build/kinematics_controller/build install --record /home/edu/diff_offset_robot/build/kinematics_controller/install.log --single-version-externally-managed install_data
