[0.769s] Invoking command in '/home/edu/diff_offset_robot/src/model_robot': PYTHONPATH=/home/edu/diff_offset_robot/build/model_robot/prefix_override:/usr/lib/python3/dist-packages/colcon_core/task/python/colcon_distutils_commands:/home/edu/diff_offset_robot/install/model_robot/lib/python3.10/site-packages:${PYTHONPATH} /usr/bin/python3 -W ignore:setup.py install is deprecated -W ignore:easy_install command is deprecated setup.py egg_info --egg-base ../../build/model_robot build --build-base /home/edu/diff_offset_robot/build/model_robot/build install --record /home/edu/diff_offset_robot/build/model_robot/install.log --single-version-externally-managed install_data
[0.955s] running egg_info
[0.955s] creating ../../build/model_robot/model_robot.egg-info
[0.956s] writing ../../build/model_robot/model_robot.egg-info/PKG-INFO
[0.956s] writing dependency_links to ../../build/model_robot/model_robot.egg-info/dependency_links.txt
[0.956s] writing entry points to ../../build/model_robot/model_robot.egg-info/entry_points.txt
[0.956s] writing requirements to ../../build/model_robot/model_robot.egg-info/requires.txt
[0.956s] writing top-level names to ../../build/model_robot/model_robot.egg-info/top_level.txt
[0.956s] writing manifest file '../../build/model_robot/model_robot.egg-info/SOURCES.txt'
[0.957s] reading manifest file '../../build/model_robot/model_robot.egg-info/SOURCES.txt'
[0.957s] adding license file 'LICENSE'
[0.958s] writing manifest file '../../build/model_robot/model_robot.egg-info/SOURCES.txt'
[0.958s] running build
[0.958s] running build_py
[0.958s] creating /home/edu/diff_offset_robot/build/model_robot/build
[0.958s] creating /home/edu/diff_offset_robot/build/model_robot/build/lib
[0.958s] creating /home/edu/diff_offset_robot/build/model_robot/build/lib/model_robot
[0.958s] copying model_robot/__init__.py -> /home/edu/diff_offset_robot/build/model_robot/build/lib/model_robot
[0.958s] running install
[0.959s] running install_lib
[0.960s] creating /home/edu/diff_offset_robot/install/model_robot/lib/python3.10/site-packages/model_robot
[0.960s] copying /home/edu/diff_offset_robot/build/model_robot/build/lib/model_robot/__init__.py -> /home/edu/diff_offset_robot/install/model_robot/lib/python3.10/site-packages/model_robot
[0.960s] byte-compiling /home/edu/diff_offset_robot/install/model_robot/lib/python3.10/site-packages/model_robot/__init__.py to __init__.cpython-310.pyc
[0.961s] running install_data
[0.961s] creating /home/edu/diff_offset_robot/install/model_robot/share/ament_index
[0.961s] creating /home/edu/diff_offset_robot/install/model_robot/share/ament_index/resource_index
[0.961s] creating /home/edu/diff_offset_robot/install/model_robot/share/ament_index/resource_index/packages
[0.961s] copying resource/model_robot -> /home/edu/diff_offset_robot/install/model_robot/share/ament_index/resource_index/packages
[0.961s] copying package.xml -> /home/edu/diff_offset_robot/install/model_robot/share/model_robot
[0.961s] creating /home/edu/diff_offset_robot/install/model_robot/share/model_robot/urdf
[0.961s] copying urdf/diff_offset_robot.urdf.xacro -> /home/edu/diff_offset_robot/install/model_robot/share/model_robot/urdf
[0.961s] creating /home/edu/diff_offset_robot/install/model_robot/share/model_robot/launch
[0.961s] copying launch/gazebo.launch.py -> /home/edu/diff_offset_robot/install/model_robot/share/model_robot/launch
[0.961s] copying launch/display.launch.py -> /home/edu/diff_offset_robot/install/model_robot/share/model_robot/launch
[0.962s] copying launch/slam.launch.py -> /home/edu/diff_offset_robot/install/model_robot/share/model_robot/launch
[0.962s] creating /home/edu/diff_offset_robot/install/model_robot/share/model_robot/meshes
[0.962s] copying meshes/body_wheel_link.STL -> /home/edu/diff_offset_robot/install/model_robot/share/model_robot/meshes
[0.962s] copying meshes/lidar_link.STL -> /home/edu/diff_offset_robot/install/model_robot/share/model_robot/meshes
[0.962s] copying meshes/base_link.STL -> /home/edu/diff_offset_robot/install/model_robot/share/model_robot/meshes
[0.963s] copying meshes/top_base_link.STL -> /home/edu/diff_offset_robot/install/model_robot/share/model_robot/meshes
[0.963s] copying meshes/left_wheel_link.STL -> /home/edu/diff_offset_robot/install/model_robot/share/model_robot/meshes
[0.964s] copying meshes/caster_wheel_link.STL -> /home/edu/diff_offset_robot/install/model_robot/share/model_robot/meshes
[0.964s] copying meshes/right_wheel_link.STL -> /home/edu/diff_offset_robot/install/model_robot/share/model_robot/meshes
[0.965s] creating /home/edu/diff_offset_robot/install/model_robot/share/model_robot/config
[0.965s] copying config/ros2_controller.yaml -> /home/edu/diff_offset_robot/install/model_robot/share/model_robot/config
[0.965s] copying config/mapper_params_online_async.yaml -> /home/edu/diff_offset_robot/install/model_robot/share/model_robot/config
[0.965s] copying config/robot_config.rviz -> /home/edu/diff_offset_robot/install/model_robot/share/model_robot/config
[0.966s] running install_egg_info
[0.967s] Copying ../../build/model_robot/model_robot.egg-info to /home/edu/diff_offset_robot/install/model_robot/lib/python3.10/site-packages/model_robot-0.0.0-py3.10.egg-info
[0.968s] running install_scripts
[0.984s] writing list of installed files to '/home/edu/diff_offset_robot/build/model_robot/install.log'
[1.009s] Invoked command in '/home/edu/diff_offset_robot/src/model_robot' returned '0': PYTHONPATH=/home/edu/diff_offset_robot/build/model_robot/prefix_override:/usr/lib/python3/dist-packages/colcon_core/task/python/colcon_distutils_commands:/home/edu/diff_offset_robot/install/model_robot/lib/python3.10/site-packages:${PYTHONPATH} /usr/bin/python3 -W ignore:setup.py install is deprecated -W ignore:easy_install command is deprecated setup.py egg_info --egg-base ../../build/model_robot build --build-base /home/edu/diff_offset_robot/build/model_robot/build install --record /home/edu/diff_offset_robot/build/model_robot/install.log --single-version-externally-managed install_data
