[1.216s] Invoking command in '/home/edu/diff_offset_robot/src/model_robot': PYTHONPATH=/home/edu/diff_offset_robot/build/model_robot/prefix_override:/usr/lib/python3/dist-packages/colcon_core/task/python/colcon_distutils_commands:/home/edu/diff_offset_robot/install/model_robot/lib/python3.10/site-packages:${PYTHONPATH} /usr/bin/python3 -W ignore:setup.py install is deprecated -W ignore:easy_install command is deprecated setup.py egg_info --egg-base ../../build/model_robot build --build-base /home/edu/diff_offset_robot/build/model_robot/build install --record /home/edu/diff_offset_robot/build/model_robot/install.log --single-version-externally-managed install_data
[1.481s] running egg_info
[1.481s] writing ../../build/model_robot/model_robot.egg-info/PKG-INFO
[1.482s] writing dependency_links to ../../build/model_robot/model_robot.egg-info/dependency_links.txt
[1.482s] writing entry points to ../../build/model_robot/model_robot.egg-info/entry_points.txt
[1.482s] writing requirements to ../../build/model_robot/model_robot.egg-info/requires.txt
[1.482s] writing top-level names to ../../build/model_robot/model_robot.egg-info/top_level.txt
[1.484s] reading manifest file '../../build/model_robot/model_robot.egg-info/SOURCES.txt'
[1.484s] adding license file 'LICENSE'
[1.485s] writing manifest file '../../build/model_robot/model_robot.egg-info/SOURCES.txt'
[1.485s] running build
[1.485s] running build_py
[1.485s] running install
[1.486s] running install_lib
[1.487s] running install_data
[1.487s] running install_egg_info
[1.492s] removing '/home/edu/diff_offset_robot/install/model_robot/lib/python3.10/site-packages/model_robot-0.0.0-py3.10.egg-info' (and everything under it)
[1.493s] Copying ../../build/model_robot/model_robot.egg-info to /home/edu/diff_offset_robot/install/model_robot/lib/python3.10/site-packages/model_robot-0.0.0-py3.10.egg-info
[1.494s] running install_scripts
[1.516s] writing list of installed files to '/home/edu/diff_offset_robot/build/model_robot/install.log'
[1.566s] Invoked command in '/home/edu/diff_offset_robot/src/model_robot' returned '0': PYTHONPATH=/home/edu/diff_offset_robot/build/model_robot/prefix_override:/usr/lib/python3/dist-packages/colcon_core/task/python/colcon_distutils_commands:/home/edu/diff_offset_robot/install/model_robot/lib/python3.10/site-packages:${PYTHONPATH} /usr/bin/python3 -W ignore:setup.py install is deprecated -W ignore:easy_install command is deprecated setup.py egg_info --egg-base ../../build/model_robot build --build-base /home/edu/diff_offset_robot/build/model_robot/build install --record /home/edu/diff_offset_robot/build/model_robot/install.log --single-version-externally-managed install_data
