[1.321s] Invoking command in '/home/edu/diff_offset_robot/src/model_robot': PYTHONPATH=/home/edu/diff_offset_robot/build/model_robot/prefix_override:/usr/lib/python3/dist-packages/colcon_core/task/python/colcon_distutils_commands:/home/edu/diff_offset_robot/install/model_robot/lib/python3.10/site-packages:${PYTHONPATH} /usr/bin/python3 -W ignore:setup.py install is deprecated -W ignore:easy_install command is deprecated setup.py egg_info --egg-base ../../build/model_robot build --build-base /home/edu/diff_offset_robot/build/model_robot/build install --record /home/edu/diff_offset_robot/build/model_robot/install.log --single-version-externally-managed install_data
[1.854s] running egg_info
[1.856s] writing ../../build/model_robot/model_robot.egg-info/PKG-INFO
[1.857s] writing dependency_links to ../../build/model_robot/model_robot.egg-info/dependency_links.txt
[1.857s] writing entry points to ../../build/model_robot/model_robot.egg-info/entry_points.txt
[1.857s] writing requirements to ../../build/model_robot/model_robot.egg-info/requires.txt
[1.858s] writing top-level names to ../../build/model_robot/model_robot.egg-info/top_level.txt
[1.861s] reading manifest file '../../build/model_robot/model_robot.egg-info/SOURCES.txt'
[1.864s] adding license file 'LICENSE'
[1.866s] writing manifest file '../../build/model_robot/model_robot.egg-info/SOURCES.txt'
[1.866s] running build
[1.867s] running build_py
[1.867s] running install
[1.868s] running install_lib
[1.870s] running install_data
[1.871s] copying urdf/diff_offset_robot.urdf -> /home/edu/diff_offset_robot/install/model_robot/share/model_robot/urdf
[1.872s] running install_egg_info
[1.876s] removing '/home/edu/diff_offset_robot/install/model_robot/lib/python3.10/site-packages/model_robot-0.0.0-py3.10.egg-info' (and everything under it)
[1.878s] Copying ../../build/model_robot/model_robot.egg-info to /home/edu/diff_offset_robot/install/model_robot/lib/python3.10/site-packages/model_robot-0.0.0-py3.10.egg-info
[1.880s] running install_scripts
[1.928s] writing list of installed files to '/home/edu/diff_offset_robot/build/model_robot/install.log'
[1.979s] Invoked command in '/home/edu/diff_offset_robot/src/model_robot' returned '0': PYTHONPATH=/home/edu/diff_offset_robot/build/model_robot/prefix_override:/usr/lib/python3/dist-packages/colcon_core/task/python/colcon_distutils_commands:/home/edu/diff_offset_robot/install/model_robot/lib/python3.10/site-packages:${PYTHONPATH} /usr/bin/python3 -W ignore:setup.py install is deprecated -W ignore:easy_install command is deprecated setup.py egg_info --egg-base ../../build/model_robot build --build-base /home/edu/diff_offset_robot/build/model_robot/build install --record /home/edu/diff_offset_robot/build/model_robot/install.log --single-version-externally-managed install_data
