[0.690s] Invoking command in '/home/edu/diff_offset_robot/src/kinematics_controller': PYTHONPATH=/home/edu/diff_offset_robot/build/kinematics_controller/prefix_override:/usr/lib/python3/dist-packages/colcon_core/task/python/colcon_distutils_commands:/home/edu/diff_offset_robot/install/kinematics_controller/lib/python3.10/site-packages:${PYTHONPATH} /usr/bin/python3 -W ignore:setup.py install is deprecated -W ignore:easy_install command is deprecated setup.py egg_info --egg-base ../../build/kinematics_controller build --build-base /home/edu/diff_offset_robot/build/kinematics_controller/build install --record /home/edu/diff_offset_robot/build/kinematics_controller/install.log --single-version-externally-managed install_data
[0.877s] running egg_info
[0.878s] writing ../../build/kinematics_controller/kinematics_controller.egg-info/PKG-INFO
[0.878s] writing dependency_links to ../../build/kinematics_controller/kinematics_controller.egg-info/dependency_links.txt
[0.878s] writing entry points to ../../build/kinematics_controller/kinematics_controller.egg-info/entry_points.txt
[0.879s] writing requirements to ../../build/kinematics_controller/kinematics_controller.egg-info/requires.txt
[0.879s] writing top-level names to ../../build/kinematics_controller/kinematics_controller.egg-info/top_level.txt
[0.880s] reading manifest file '../../build/kinematics_controller/kinematics_controller.egg-info/SOURCES.txt'
[0.880s] writing manifest file '../../build/kinematics_controller/kinematics_controller.egg-info/SOURCES.txt'
[0.880s] running build
[0.881s] running build_py
[0.882s] running install
[0.882s] running install_lib
[0.883s] running install_data
[0.883s] running install_egg_info
[0.884s] removing '/home/edu/diff_offset_robot/install/kinematics_controller/lib/python3.10/site-packages/kinematics_controller-0.0.0-py3.10.egg-info' (and everything under it)
[0.885s] Copying ../../build/kinematics_controller/kinematics_controller.egg-info to /home/edu/diff_offset_robot/install/kinematics_controller/lib/python3.10/site-packages/kinematics_controller-0.0.0-py3.10.egg-info
[0.886s] running install_scripts
[0.901s] Installing kinematics_node script to /home/edu/diff_offset_robot/install/kinematics_controller/lib/kinematics_controller
[0.901s] Installing manual_logger script to /home/edu/diff_offset_robot/install/kinematics_controller/lib/kinematics_controller
[0.901s] Installing platform_logger script to /home/edu/diff_offset_robot/install/kinematics_controller/lib/kinematics_controller
[0.901s] Installing teleop_node script to /home/edu/diff_offset_robot/install/kinematics_controller/lib/kinematics_controller
[0.901s] Installing vxy_logger script to /home/edu/diff_offset_robot/install/kinematics_controller/lib/kinematics_controller
[0.902s] Installing wheel_logger script to /home/edu/diff_offset_robot/install/kinematics_controller/lib/kinematics_controller
[0.902s] writing list of installed files to '/home/edu/diff_offset_robot/build/kinematics_controller/install.log'
[0.935s] Invoked command in '/home/edu/diff_offset_robot/src/kinematics_controller' returned '0': PYTHONPATH=/home/edu/diff_offset_robot/build/kinematics_controller/prefix_override:/usr/lib/python3/dist-packages/colcon_core/task/python/colcon_distutils_commands:/home/edu/diff_offset_robot/install/kinematics_controller/lib/python3.10/site-packages:${PYTHONPATH} /usr/bin/python3 -W ignore:setup.py install is deprecated -W ignore:easy_install command is deprecated setup.py egg_info --egg-base ../../build/kinematics_controller build --build-base /home/edu/diff_offset_robot/build/kinematics_controller/build install --record /home/edu/diff_offset_robot/build/kinematics_controller/install.log --single-version-externally-managed install_data
