running egg_info
creating ../../build/kinematics_controller/kinematics_controller.egg-info
writing ../../build/kinematics_controller/kinematics_controller.egg-info/PKG-INFO
writing dependency_links to ../../build/kinematics_controller/kinematics_controller.egg-info/dependency_links.txt
writing entry points to ../../build/kinematics_controller/kinematics_controller.egg-info/entry_points.txt
writing requirements to ../../build/kinematics_controller/kinematics_controller.egg-info/requires.txt
writing top-level names to ../../build/kinematics_controller/kinematics_controller.egg-info/top_level.txt
writing manifest file '../../build/kinematics_controller/kinematics_controller.egg-info/SOURCES.txt'
reading manifest file '../../build/kinematics_controller/kinematics_controller.egg-info/SOURCES.txt'
writing manifest file '../../build/kinematics_controller/kinematics_controller.egg-info/SOURCES.txt'
running build
running build_py
creating /home/edu/diff_offset_robot/build/kinematics_controller/build
creating /home/edu/diff_offset_robot/build/kinematics_controller/build/lib
creating /home/edu/diff_offset_robot/build/kinematics_controller/build/lib/kinematics_controller
copying kinematics_controller/__init__.py -> /home/edu/diff_offset_robot/build/kinematics_controller/build/lib/kinematics_controller
copying kinematics_controller/kinematics_node.py -> /home/edu/diff_offset_robot/build/kinematics_controller/build/lib/kinematics_controller
running install
running install_lib
creating /home/edu/diff_offset_robot/install/kinematics_controller/lib/python3.10/site-packages/kinematics_controller
copying /home/edu/diff_offset_robot/build/kinematics_controller/build/lib/kinematics_controller/__init__.py -> /home/edu/diff_offset_robot/install/kinematics_controller/lib/python3.10/site-packages/kinematics_controller
copying /home/edu/diff_offset_robot/build/kinematics_controller/build/lib/kinematics_controller/kinematics_node.py -> /home/edu/diff_offset_robot/install/kinematics_controller/lib/python3.10/site-packages/kinematics_controller
byte-compiling /home/edu/diff_offset_robot/install/kinematics_controller/lib/python3.10/site-packages/kinematics_controller/__init__.py to __init__.cpython-310.pyc
byte-compiling /home/edu/diff_offset_robot/install/kinematics_controller/lib/python3.10/site-packages/kinematics_controller/kinematics_node.py to kinematics_node.cpython-310.pyc
running install_data
creating /home/edu/diff_offset_robot/install/kinematics_controller/share/ament_index
creating /home/edu/diff_offset_robot/install/kinematics_controller/share/ament_index/resource_index
creating /home/edu/diff_offset_robot/install/kinematics_controller/share/ament_index/resource_index/packages
copying resource/kinematics_controller -> /home/edu/diff_offset_robot/install/kinematics_controller/share/ament_index/resource_index/packages
copying package.xml -> /home/edu/diff_offset_robot/install/kinematics_controller/share/kinematics_controller
running install_egg_info
Copying ../../build/kinematics_controller/kinematics_controller.egg-info to /home/edu/diff_offset_robot/install/kinematics_controller/lib/python3.10/site-packages/kinematics_controller-0.0.0-py3.10.egg-info
running install_scripts
Installing kinematics_node script to /home/edu/diff_offset_robot/install/kinematics_controller/lib/kinematics_controller
writing list of installed files to '/home/edu/diff_offset_robot/build/kinematics_controller/install.log'
