[1.929s] Invoking command in '/home/edu/diff_offset_robot/src/kinematics_controller': PYTHONPATH=/home/edu/diff_offset_robot/build/kinematics_controller/prefix_override:/usr/lib/python3/dist-packages/colcon_core/task/python/colcon_distutils_commands:/home/edu/diff_offset_robot/install/kinematics_controller/lib/python3.10/site-packages:${PYTHONPATH} /usr/bin/python3 -W ignore:setup.py install is deprecated -W ignore:easy_install command is deprecated setup.py egg_info --egg-base ../../build/kinematics_controller build --build-base /home/edu/diff_offset_robot/build/kinematics_controller/build install --record /home/edu/diff_offset_robot/build/kinematics_controller/install.log --single-version-externally-managed install_data
[2.459s] running egg_info
[2.460s] creating ../../build/kinematics_controller/kinematics_controller.egg-info
[2.461s] writing ../../build/kinematics_controller/kinematics_controller.egg-info/PKG-INFO
[2.461s] writing dependency_links to ../../build/kinematics_controller/kinematics_controller.egg-info/dependency_links.txt
[2.462s] writing entry points to ../../build/kinematics_controller/kinematics_controller.egg-info/entry_points.txt
[2.462s] writing requirements to ../../build/kinematics_controller/kinematics_controller.egg-info/requires.txt
[2.462s] writing top-level names to ../../build/kinematics_controller/kinematics_controller.egg-info/top_level.txt
[2.462s] writing manifest file '../../build/kinematics_controller/kinematics_controller.egg-info/SOURCES.txt'
[2.466s] reading manifest file '../../build/kinematics_controller/kinematics_controller.egg-info/SOURCES.txt'
[2.467s] writing manifest file '../../build/kinematics_controller/kinematics_controller.egg-info/SOURCES.txt'
[2.468s] running build
[2.468s] running build_py
[2.468s] creating /home/edu/diff_offset_robot/build/kinematics_controller/build
[2.468s] creating /home/edu/diff_offset_robot/build/kinematics_controller/build/lib
[2.468s] creating /home/edu/diff_offset_robot/build/kinematics_controller/build/lib/kinematics_controller
[2.469s] copying kinematics_controller/__init__.py -> /home/edu/diff_offset_robot/build/kinematics_controller/build/lib/kinematics_controller
[2.469s] copying kinematics_controller/kinematics_node.py -> /home/edu/diff_offset_robot/build/kinematics_controller/build/lib/kinematics_controller
[2.469s] running install
[2.470s] running install_lib
[2.471s] creating /home/edu/diff_offset_robot/install/kinematics_controller/lib/python3.10/site-packages/kinematics_controller
[2.471s] copying /home/edu/diff_offset_robot/build/kinematics_controller/build/lib/kinematics_controller/__init__.py -> /home/edu/diff_offset_robot/install/kinematics_controller/lib/python3.10/site-packages/kinematics_controller
[2.472s] copying /home/edu/diff_offset_robot/build/kinematics_controller/build/lib/kinematics_controller/kinematics_node.py -> /home/edu/diff_offset_robot/install/kinematics_controller/lib/python3.10/site-packages/kinematics_controller
[2.473s] byte-compiling /home/edu/diff_offset_robot/install/kinematics_controller/lib/python3.10/site-packages/kinematics_controller/__init__.py to __init__.cpython-310.pyc
[2.473s] byte-compiling /home/edu/diff_offset_robot/install/kinematics_controller/lib/python3.10/site-packages/kinematics_controller/kinematics_node.py to kinematics_node.cpython-310.pyc
[2.477s] running install_data
[2.477s] creating /home/edu/diff_offset_robot/install/kinematics_controller/share/ament_index
[2.478s] creating /home/edu/diff_offset_robot/install/kinematics_controller/share/ament_index/resource_index
[2.478s] creating /home/edu/diff_offset_robot/install/kinematics_controller/share/ament_index/resource_index/packages
[2.478s] copying resource/kinematics_controller -> /home/edu/diff_offset_robot/install/kinematics_controller/share/ament_index/resource_index/packages
[2.478s] copying package.xml -> /home/edu/diff_offset_robot/install/kinematics_controller/share/kinematics_controller
[2.478s] running install_egg_info
[2.482s] Copying ../../build/kinematics_controller/kinematics_controller.egg-info to /home/edu/diff_offset_robot/install/kinematics_controller/lib/python3.10/site-packages/kinematics_controller-0.0.0-py3.10.egg-info
[2.484s] running install_scripts
[2.527s] Installing kinematics_node script to /home/edu/diff_offset_robot/install/kinematics_controller/lib/kinematics_controller
[2.528s] writing list of installed files to '/home/edu/diff_offset_robot/build/kinematics_controller/install.log'
[2.574s] Invoked command in '/home/edu/diff_offset_robot/src/kinematics_controller' returned '0': PYTHONPATH=/home/edu/diff_offset_robot/build/kinematics_controller/prefix_override:/usr/lib/python3/dist-packages/colcon_core/task/python/colcon_distutils_commands:/home/edu/diff_offset_robot/install/kinematics_controller/lib/python3.10/site-packages:${PYTHONPATH} /usr/bin/python3 -W ignore:setup.py install is deprecated -W ignore:easy_install command is deprecated setup.py egg_info --egg-base ../../build/kinematics_controller build --build-base /home/edu/diff_offset_robot/build/kinematics_controller/build install --record /home/edu/diff_offset_robot/build/kinematics_controller/install.log --single-version-externally-managed install_data
