/home/edu/diff_offset_robot/install/model_robot/lib/python3.10/site-packages/model_robot/__init__.py
/home/edu/diff_offset_robot/install/model_robot/lib/python3.10/site-packages/model_robot/__pycache__/__init__.cpython-310.pyc
/home/edu/diff_offset_robot/install/model_robot/share/ament_index/resource_index/packages/model_robot
/home/edu/diff_offset_robot/install/model_robot/share/model_robot/package.xml
/home/edu/diff_offset_robot/install/model_robot/share/model_robot/urdf/diff_offset_robot.urdf
/home/edu/diff_offset_robot/install/model_robot/share/model_robot/launch/gazebo.launch.py
/home/edu/diff_offset_robot/install/model_robot/share/model_robot/launch/display.launch.py
/home/edu/diff_offset_robot/install/model_robot/share/model_robot/meshes/lidar_link.STL
/home/edu/diff_offset_robot/install/model_robot/share/model_robot/meshes/base_link.STL
/home/edu/diff_offset_robot/install/model_robot/share/model_robot/meshes/top_base_link.STL
/home/edu/diff_offset_robot/install/model_robot/share/model_robot/meshes/left_wheel_link.STL
/home/edu/diff_offset_robot/install/model_robot/share/model_robot/meshes/right_wheel_link.STL
/home/edu/diff_offset_robot/install/model_robot/share/model_robot/config/ros2_controller.yaml
/home/edu/diff_offset_robot/install/model_robot/lib/python3.10/site-packages/model_robot-0.0.0-py3.10.egg-info/entry_points.txt
/home/edu/diff_offset_robot/install/model_robot/lib/python3.10/site-packages/model_robot-0.0.0-py3.10.egg-info/dependency_links.txt
/home/edu/diff_offset_robot/install/model_robot/lib/python3.10/site-packages/model_robot-0.0.0-py3.10.egg-info/requires.txt
/home/edu/diff_offset_robot/install/model_robot/lib/python3.10/site-packages/model_robot-0.0.0-py3.10.egg-info/zip-safe
/home/edu/diff_offset_robot/install/model_robot/lib/python3.10/site-packages/model_robot-0.0.0-py3.10.egg-info/PKG-INFO
/home/edu/diff_offset_robot/install/model_robot/lib/python3.10/site-packages/model_robot-0.0.0-py3.10.egg-info/SOURCES.txt
/home/edu/diff_offset_robot/install/model_robot/lib/python3.10/site-packages/model_robot-0.0.0-py3.10.egg-info/top_level.txt
