[0.711s] Invoking command in '/home/edu/diff_offset_robot/src/kinematics_controller': PYTHONPATH=/home/edu/diff_offset_robot/build/kinematics_controller/prefix_override:/usr/lib/python3/dist-packages/colcon_core/task/python/colcon_distutils_commands:/home/edu/diff_offset_robot/install/kinematics_controller/lib/python3.10/site-packages:${PYTHONPATH} /usr/bin/python3 -W ignore:setup.py install is deprecated -W ignore:easy_install command is deprecated setup.py egg_info --egg-base ../../build/kinematics_controller build --build-base /home/edu/diff_offset_robot/build/kinematics_controller/build install --record /home/edu/diff_offset_robot/build/kinematics_controller/install.log --single-version-externally-managed install_data
[0.898s] running egg_info
[0.898s] writing ../../build/kinematics_controller/kinematics_controller.egg-info/PKG-INFO
[0.898s] writing dependency_links to ../../build/kinematics_controller/kinematics_controller.egg-info/dependency_links.txt
[0.898s] writing entry points to ../../build/kinematics_controller/kinematics_controller.egg-info/entry_points.txt
[0.899s] writing requirements to ../../build/kinematics_controller/kinematics_controller.egg-info/requires.txt
[0.899s] writing top-level names to ../../build/kinematics_controller/kinematics_controller.egg-info/top_level.txt
[0.900s] reading manifest file '../../build/kinematics_controller/kinematics_controller.egg-info/SOURCES.txt'
[0.901s] writing manifest file '../../build/kinematics_controller/kinematics_controller.egg-info/SOURCES.txt'
[0.901s] running build
[0.901s] running build_py
[0.902s] running install
[0.902s] running install_lib
[0.903s] running install_data
[0.903s] running install_egg_info
[0.904s] removing '/home/edu/diff_offset_robot/install/kinematics_controller/lib/python3.10/site-packages/kinematics_controller-0.0.0-py3.10.egg-info' (and everything under it)
[0.905s] Copying ../../build/kinematics_controller/kinematics_controller.egg-info to /home/edu/diff_offset_robot/install/kinematics_controller/lib/python3.10/site-packages/kinematics_controller-0.0.0-py3.10.egg-info
[0.906s] running install_scripts
[0.921s] Installing kinematics_node script to /home/edu/diff_offset_robot/install/kinematics_controller/lib/kinematics_controller
[0.921s] Installing manual_logger script to /home/edu/diff_offset_robot/install/kinematics_controller/lib/kinematics_controller
[0.921s] Installing platform_logger script to /home/edu/diff_offset_robot/install/kinematics_controller/lib/kinematics_controller
[0.921s] Installing teleop_node script to /home/edu/diff_offset_robot/install/kinematics_controller/lib/kinematics_controller
[0.921s] Installing vxy_logger script to /home/edu/diff_offset_robot/install/kinematics_controller/lib/kinematics_controller
[0.921s] Installing wheel_logger script to /home/edu/diff_offset_robot/install/kinematics_controller/lib/kinematics_controller
[0.922s] writing list of installed files to '/home/edu/diff_offset_robot/build/kinematics_controller/install.log'
[0.942s] Invoked command in '/home/edu/diff_offset_robot/src/kinematics_controller' returned '0': PYTHONPATH=/home/edu/diff_offset_robot/build/kinematics_controller/prefix_override:/usr/lib/python3/dist-packages/colcon_core/task/python/colcon_distutils_commands:/home/edu/diff_offset_robot/install/kinematics_controller/lib/python3.10/site-packages:${PYTHONPATH} /usr/bin/python3 -W ignore:setup.py install is deprecated -W ignore:easy_install command is deprecated setup.py egg_info --egg-base ../../build/kinematics_controller build --build-base /home/edu/diff_offset_robot/build/kinematics_controller/build install --record /home/edu/diff_offset_robot/build/kinematics_controller/install.log --single-version-externally-managed install_data
