[0.104s] DEBUG:colcon:Command line arguments: ['/usr/bin/colcon', 'build']
[0.104s] DEBUG:colcon:Parsed command line arguments: Namespace(log_base=None, log_level=None, verb_name='build', build_base='build', install_base='install', merge_install=False, symlink_install=False, test_result_base=None, continue_on_error=False, executor='parallel', parallel_workers=16, event_handlers=None, ignore_user_meta=False, metas=['./colcon.meta'], base_paths=['.'], packages_ignore=None, packages_ignore_regex=None, paths=None, packages_up_to=None, packages_up_to_regex=None, packages_above=None, packages_above_and_dependencies=None, packages_above_depth=None, packages_select_by_dep=None, packages_skip_by_dep=None, packages_skip_up_to=None, packages_select_build_failed=False, packages_skip_build_finished=False, packages_select_test_failures=False, packages_skip_test_passed=False, packages_select=None, packages_skip=None, packages_select_regex=None, packages_skip_regex=None, packages_start=None, packages_end=None, allow_overriding=[], cmake_args=None, cmake_target=None, cmake_target_skip_unavailable=False, cmake_clean_cache=False, cmake_clean_first=False, cmake_force_configure=False, ament_cmake_args=None, catkin_cmake_args=None, catkin_skip_building_tests=False, mixin_files=None, mixin=None, verb_parser=<colcon_mixin.mixin.mixin_argument.MixinArgumentDecorator object at 0x758eb7a515d0>, verb_extension=<colcon_core.verb.build.BuildVerb object at 0x758eb7a51090>, main=<bound method BuildVerb.main of <colcon_core.verb.build.BuildVerb object at 0x758eb7a51090>>, mixin_verb=('build',))
[0.254s] Level 1:colcon.colcon_core.package_discovery:discover_packages(colcon_meta) check parameters
[0.255s] Level 1:colcon.colcon_core.package_discovery:discover_packages(recursive) check parameters
[0.255s] Level 1:colcon.colcon_core.package_discovery:discover_packages(ignore) check parameters
[0.255s] Level 1:colcon.colcon_core.package_discovery:discover_packages(path) check parameters
[0.255s] Level 1:colcon.colcon_core.package_discovery:discover_packages(colcon_meta) discover
[0.255s] Level 1:colcon.colcon_core.package_discovery:discover_packages(recursive) discover
[0.255s] INFO:colcon.colcon_core.package_discovery:Crawling recursively for packages in '/home/edu/diff_offset_robot'
[0.255s] Level 1:colcon.colcon_core.package_identification:_identify(.) by extensions ['ignore', 'ignore_ament_install']
[0.255s] Level 1:colcon.colcon_core.package_identification:_identify(.) by extension 'ignore'
[0.255s] Level 1:colcon.colcon_core.package_identification:_identify(.) by extension 'ignore_ament_install'
[0.255s] Level 1:colcon.colcon_core.package_identification:_identify(.) by extensions ['colcon_pkg']
[0.255s] Level 1:colcon.colcon_core.package_identification:_identify(.) by extension 'colcon_pkg'
[0.255s] Level 1:colcon.colcon_core.package_identification:_identify(.) by extensions ['colcon_meta']
[0.255s] Level 1:colcon.colcon_core.package_identification:_identify(.) by extension 'colcon_meta'
[0.255s] Level 1:colcon.colcon_core.package_identification:_identify(.) by extensions ['ros']
[0.255s] Level 1:colcon.colcon_core.package_identification:_identify(.) by extension 'ros'
[0.265s] Level 1:colcon.colcon_core.package_identification:_identify(.) by extensions ['cmake', 'python']
[0.265s] Level 1:colcon.colcon_core.package_identification:_identify(.) by extension 'cmake'
[0.266s] Level 1:colcon.colcon_core.package_identification:_identify(.) by extension 'python'
[0.266s] Level 1:colcon.colcon_core.package_identification:_identify(.) by extensions ['python_setup_py']
[0.266s] Level 1:colcon.colcon_core.package_identification:_identify(.) by extension 'python_setup_py'
[0.266s] Level 1:colcon.colcon_core.package_identification:_identify(build) by extensions ['ignore', 'ignore_ament_install']
[0.266s] Level 1:colcon.colcon_core.package_identification:_identify(build) by extension 'ignore'
[0.266s] Level 1:colcon.colcon_core.package_identification:_identify(build) ignored
[0.266s] Level 1:colcon.colcon_core.package_identification:_identify(install) by extensions ['ignore', 'ignore_ament_install']
[0.266s] Level 1:colcon.colcon_core.package_identification:_identify(install) by extension 'ignore'
[0.266s] Level 1:colcon.colcon_core.package_identification:_identify(install) ignored
[0.266s] Level 1:colcon.colcon_core.package_identification:_identify(log) by extensions ['ignore', 'ignore_ament_install']
[0.266s] Level 1:colcon.colcon_core.package_identification:_identify(log) by extension 'ignore'
[0.267s] Level 1:colcon.colcon_core.package_identification:_identify(log) ignored
[0.267s] Level 1:colcon.colcon_core.package_identification:_identify(src) by extensions ['ignore', 'ignore_ament_install']
[0.267s] Level 1:colcon.colcon_core.package_identification:_identify(src) by extension 'ignore'
[0.267s] Level 1:colcon.colcon_core.package_identification:_identify(src) by extension 'ignore_ament_install'
[0.267s] Level 1:colcon.colcon_core.package_identification:_identify(src) by extensions ['colcon_pkg']
[0.267s] Level 1:colcon.colcon_core.package_identification:_identify(src) by extension 'colcon_pkg'
[0.267s] Level 1:colcon.colcon_core.package_identification:_identify(src) by extensions ['colcon_meta']
[0.267s] Level 1:colcon.colcon_core.package_identification:_identify(src) by extension 'colcon_meta'
[0.267s] Level 1:colcon.colcon_core.package_identification:_identify(src) by extensions ['ros']
[0.267s] Level 1:colcon.colcon_core.package_identification:_identify(src) by extension 'ros'
[0.267s] Level 1:colcon.colcon_core.package_identification:_identify(src) by extensions ['cmake', 'python']
[0.267s] Level 1:colcon.colcon_core.package_identification:_identify(src) by extension 'cmake'
[0.267s] Level 1:colcon.colcon_core.package_identification:_identify(src) by extension 'python'
[0.267s] Level 1:colcon.colcon_core.package_identification:_identify(src) by extensions ['python_setup_py']
[0.267s] Level 1:colcon.colcon_core.package_identification:_identify(src) by extension 'python_setup_py'
[0.267s] Level 1:colcon.colcon_core.package_identification:_identify(src/kinematics_controller) by extensions ['ignore', 'ignore_ament_install']
[0.267s] Level 1:colcon.colcon_core.package_identification:_identify(src/kinematics_controller) by extension 'ignore'
[0.267s] Level 1:colcon.colcon_core.package_identification:_identify(src/kinematics_controller) by extension 'ignore_ament_install'
[0.267s] Level 1:colcon.colcon_core.package_identification:_identify(src/kinematics_controller) by extensions ['colcon_pkg']
[0.267s] Level 1:colcon.colcon_core.package_identification:_identify(src/kinematics_controller) by extension 'colcon_pkg'
[0.267s] Level 1:colcon.colcon_core.package_identification:_identify(src/kinematics_controller) by extensions ['colcon_meta']
[0.267s] Level 1:colcon.colcon_core.package_identification:_identify(src/kinematics_controller) by extension 'colcon_meta'
[0.267s] Level 1:colcon.colcon_core.package_identification:_identify(src/kinematics_controller) by extensions ['ros']
[0.267s] Level 1:colcon.colcon_core.package_identification:_identify(src/kinematics_controller) by extension 'ros'
[0.270s] DEBUG:colcon.colcon_core.package_identification:Package 'src/kinematics_controller' with type 'ros.ament_python' and name 'kinematics_controller'
[0.270s] Level 1:colcon.colcon_core.package_identification:_identify(src/model_robot) by extensions ['ignore', 'ignore_ament_install']
[0.270s] Level 1:colcon.colcon_core.package_identification:_identify(src/model_robot) by extension 'ignore'
[0.270s] Level 1:colcon.colcon_core.package_identification:_identify(src/model_robot) by extension 'ignore_ament_install'
[0.270s] Level 1:colcon.colcon_core.package_identification:_identify(src/model_robot) by extensions ['colcon_pkg']
[0.270s] Level 1:colcon.colcon_core.package_identification:_identify(src/model_robot) by extension 'colcon_pkg'
[0.270s] Level 1:colcon.colcon_core.package_identification:_identify(src/model_robot) by extensions ['colcon_meta']
[0.270s] Level 1:colcon.colcon_core.package_identification:_identify(src/model_robot) by extension 'colcon_meta'
[0.270s] Level 1:colcon.colcon_core.package_identification:_identify(src/model_robot) by extensions ['ros']
[0.270s] Level 1:colcon.colcon_core.package_identification:_identify(src/model_robot) by extension 'ros'
[0.271s] DEBUG:colcon.colcon_core.package_identification:Package 'src/model_robot' with type 'ros.ament_python' and name 'model_robot'
[0.271s] Level 1:colcon.colcon_core.package_discovery:discover_packages(recursive) using defaults
[0.271s] Level 1:colcon.colcon_core.package_discovery:discover_packages(ignore) discover
[0.271s] Level 1:colcon.colcon_core.package_discovery:discover_packages(ignore) using defaults
[0.271s] Level 1:colcon.colcon_core.package_discovery:discover_packages(path) discover
[0.271s] Level 1:colcon.colcon_core.package_discovery:discover_packages(path) using defaults
[0.315s] Level 1:colcon.colcon_core.package_discovery:discover_packages(prefix_path) check parameters
[0.315s] Level 1:colcon.colcon_core.package_discovery:discover_packages(prefix_path) discover
[0.317s] DEBUG:colcon.colcon_installed_package_information.package_discovery:Found 324 installed packages in /opt/ros/humble
[0.319s] Level 1:colcon.colcon_core.package_discovery:discover_packages(prefix_path) using defaults
[0.355s] Level 5:colcon.colcon_core.verb:set package 'kinematics_controller' build argument 'cmake_args' from command line to 'None'
[0.355s] Level 5:colcon.colcon_core.verb:set package 'kinematics_controller' build argument 'cmake_target' from command line to 'None'
[0.355s] Level 5:colcon.colcon_core.verb:set package 'kinematics_controller' build argument 'cmake_target_skip_unavailable' from command line to 'False'
[0.355s] Level 5:colcon.colcon_core.verb:set package 'kinematics_controller' build argument 'cmake_clean_cache' from command line to 'False'
[0.355s] Level 5:colcon.colcon_core.verb:set package 'kinematics_controller' build argument 'cmake_clean_first' from command line to 'False'
[0.355s] Level 5:colcon.colcon_core.verb:set package 'kinematics_controller' build argument 'cmake_force_configure' from command line to 'False'
[0.355s] Level 5:colcon.colcon_core.verb:set package 'kinematics_controller' build argument 'ament_cmake_args' from command line to 'None'
[0.355s] Level 5:colcon.colcon_core.verb:set package 'kinematics_controller' build argument 'catkin_cmake_args' from command line to 'None'
[0.355s] Level 5:colcon.colcon_core.verb:set package 'kinematics_controller' build argument 'catkin_skip_building_tests' from command line to 'False'
[0.356s] DEBUG:colcon.colcon_core.verb:Building package 'kinematics_controller' with the following arguments: {'ament_cmake_args': None, 'build_base': '/home/edu/diff_offset_robot/build/kinematics_controller', 'catkin_cmake_args': None, 'catkin_skip_building_tests': False, 'cmake_args': None, 'cmake_clean_cache': False, 'cmake_clean_first': False, 'cmake_force_configure': False, 'cmake_target': None, 'cmake_target_skip_unavailable': False, 'install_base': '/home/edu/diff_offset_robot/install/kinematics_controller', 'merge_install': False, 'path': '/home/edu/diff_offset_robot/src/kinematics_controller', 'symlink_install': False, 'test_result_base': None}
[0.356s] Level 5:colcon.colcon_core.verb:set package 'model_robot' build argument 'cmake_args' from command line to 'None'
[0.356s] Level 5:colcon.colcon_core.verb:set package 'model_robot' build argument 'cmake_target' from command line to 'None'
[0.356s] Level 5:colcon.colcon_core.verb:set package 'model_robot' build argument 'cmake_target_skip_unavailable' from command line to 'False'
[0.356s] Level 5:colcon.colcon_core.verb:set package 'model_robot' build argument 'cmake_clean_cache' from command line to 'False'
[0.356s] Level 5:colcon.colcon_core.verb:set package 'model_robot' build argument 'cmake_clean_first' from command line to 'False'
[0.356s] Level 5:colcon.colcon_core.verb:set package 'model_robot' build argument 'cmake_force_configure' from command line to 'False'
[0.356s] Level 5:colcon.colcon_core.verb:set package 'model_robot' build argument 'ament_cmake_args' from command line to 'None'
[0.356s] Level 5:colcon.colcon_core.verb:set package 'model_robot' build argument 'catkin_cmake_args' from command line to 'None'
[0.356s] Level 5:colcon.colcon_core.verb:set package 'model_robot' build argument 'catkin_skip_building_tests' from command line to 'False'
[0.356s] DEBUG:colcon.colcon_core.verb:Building package 'model_robot' with the following arguments: {'ament_cmake_args': None, 'build_base': '/home/edu/diff_offset_robot/build/model_robot', 'catkin_cmake_args': None, 'catkin_skip_building_tests': False, 'cmake_args': None, 'cmake_clean_cache': False, 'cmake_clean_first': False, 'cmake_force_configure': False, 'cmake_target': None, 'cmake_target_skip_unavailable': False, 'install_base': '/home/edu/diff_offset_robot/install/model_robot', 'merge_install': False, 'path': '/home/edu/diff_offset_robot/src/model_robot', 'symlink_install': False, 'test_result_base': None}
[0.356s] INFO:colcon.colcon_core.executor:Executing jobs using 'parallel' executor
[0.358s] DEBUG:colcon.colcon_parallel_executor.executor.parallel:run_until_complete
[0.358s] INFO:colcon.colcon_ros.task.ament_python.build:Building ROS package in '/home/edu/diff_offset_robot/src/kinematics_controller' with build type 'ament_python'
[0.358s] Level 1:colcon.colcon_core.shell:create_environment_hook('kinematics_controller', 'ament_prefix_path')
[0.360s] INFO:colcon.colcon_core.plugin_system:Skipping extension 'colcon_core.shell.bat': Not used on non-Windows systems
[0.360s] INFO:colcon.colcon_core.shell:Creating environment hook '/home/edu/diff_offset_robot/install/kinematics_controller/share/kinematics_controller/hook/ament_prefix_path.ps1'
[0.361s] INFO:colcon.colcon_core.shell:Creating environment descriptor '/home/edu/diff_offset_robot/install/kinematics_controller/share/kinematics_controller/hook/ament_prefix_path.dsv'
[0.361s] INFO:colcon.colcon_core.shell:Creating environment hook '/home/edu/diff_offset_robot/install/kinematics_controller/share/kinematics_controller/hook/ament_prefix_path.sh'
[0.362s] INFO:colcon.colcon_core.shell:Skip shell extension 'powershell' for command environment: Not usable outside of PowerShell
[0.362s] DEBUG:colcon.colcon_core.shell:Skip shell extension 'dsv' for command environment
[0.364s] INFO:colcon.colcon_ros.task.ament_python.build:Building ROS package in '/home/edu/diff_offset_robot/src/model_robot' with build type 'ament_python'
[0.364s] Level 1:colcon.colcon_core.shell:create_environment_hook('model_robot', 'ament_prefix_path')
[0.365s] INFO:colcon.colcon_core.shell:Creating environment hook '/home/edu/diff_offset_robot/install/model_robot/share/model_robot/hook/ament_prefix_path.ps1'
[0.365s] INFO:colcon.colcon_core.shell:Creating environment descriptor '/home/edu/diff_offset_robot/install/model_robot/share/model_robot/hook/ament_prefix_path.dsv'
[0.365s] INFO:colcon.colcon_core.shell:Creating environment hook '/home/edu/diff_offset_robot/install/model_robot/share/model_robot/hook/ament_prefix_path.sh'
[0.366s] INFO:colcon.colcon_core.shell:Skip shell extension 'powershell' for command environment: Not usable outside of PowerShell
[0.366s] DEBUG:colcon.colcon_core.shell:Skip shell extension 'dsv' for command environment
[0.625s] INFO:colcon.colcon_core.task.python.build:Building Python package in '/home/edu/diff_offset_robot/src/kinematics_controller'
[0.626s] INFO:colcon.colcon_core.shell:Skip shell extension 'powershell' for command environment: Not usable outside of PowerShell
[0.626s] DEBUG:colcon.colcon_core.shell:Skip shell extension 'dsv' for command environment
[0.927s] INFO:colcon.colcon_core.task.python.build:Building Python package in '/home/edu/diff_offset_robot/src/model_robot'
[0.927s] INFO:colcon.colcon_core.shell:Skip shell extension 'powershell' for command environment: Not usable outside of PowerShell
[0.927s] DEBUG:colcon.colcon_core.shell:Skip shell extension 'dsv' for command environment
[1.321s] DEBUG:colcon.colcon_core.event_handler.log_command:Invoking command in '/home/edu/diff_offset_robot/src/model_robot': PYTHONPATH=/home/edu/diff_offset_robot/build/model_robot/prefix_override:/usr/lib/python3/dist-packages/colcon_core/task/python/colcon_distutils_commands:/home/edu/diff_offset_robot/install/model_robot/lib/python3.10/site-packages:${PYTHONPATH} /usr/bin/python3 -W ignore:setup.py install is deprecated -W ignore:easy_install command is deprecated setup.py egg_info --egg-base ../../build/model_robot build --build-base /home/edu/diff_offset_robot/build/model_robot/build install --record /home/edu/diff_offset_robot/build/model_robot/install.log --single-version-externally-managed install_data
[1.326s] DEBUG:colcon.colcon_core.event_handler.log_command:Invoking command in '/home/edu/diff_offset_robot/src/kinematics_controller': PYTHONPATH=/home/edu/diff_offset_robot/build/kinematics_controller/prefix_override:/usr/lib/python3/dist-packages/colcon_core/task/python/colcon_distutils_commands:/home/edu/diff_offset_robot/install/kinematics_controller/lib/python3.10/site-packages:${PYTHONPATH} /usr/bin/python3 -W ignore:setup.py install is deprecated -W ignore:easy_install command is deprecated setup.py egg_info --egg-base ../../build/kinematics_controller build --build-base /home/edu/diff_offset_robot/build/kinematics_controller/build install --record /home/edu/diff_offset_robot/build/kinematics_controller/install.log --single-version-externally-managed install_data
[1.632s] DEBUG:colcon.colcon_core.event_handler.log_command:Invoked command in '/home/edu/diff_offset_robot/src/model_robot' returned '0': PYTHONPATH=/home/edu/diff_offset_robot/build/model_robot/prefix_override:/usr/lib/python3/dist-packages/colcon_core/task/python/colcon_distutils_commands:/home/edu/diff_offset_robot/install/model_robot/lib/python3.10/site-packages:${PYTHONPATH} /usr/bin/python3 -W ignore:setup.py install is deprecated -W ignore:easy_install command is deprecated setup.py egg_info --egg-base ../../build/model_robot build --build-base /home/edu/diff_offset_robot/build/model_robot/build install --record /home/edu/diff_offset_robot/build/model_robot/install.log --single-version-externally-managed install_data
[1.635s] Level 1:colcon.colcon_core.environment:checking '/home/edu/diff_offset_robot/install/model_robot' for CMake module files
[1.635s] Level 1:colcon.colcon_core.environment:checking '/home/edu/diff_offset_robot/install/model_robot' for CMake config files
[1.636s] Level 1:colcon.colcon_core.environment:checking '/home/edu/diff_offset_robot/install/model_robot/lib'
[1.636s] Level 1:colcon.colcon_core.environment:checking '/home/edu/diff_offset_robot/install/model_robot/bin'
[1.636s] Level 1:colcon.colcon_core.environment:checking '/home/edu/diff_offset_robot/install/model_robot/lib/pkgconfig/model_robot.pc'
[1.636s] Level 1:colcon.colcon_core.environment:checking '/home/edu/diff_offset_robot/install/model_robot/lib/python3.10/site-packages'
[1.636s] Level 1:colcon.colcon_core.shell:create_environment_hook('model_robot', 'pythonpath')
[1.637s] INFO:colcon.colcon_core.shell:Creating environment hook '/home/edu/diff_offset_robot/install/model_robot/share/model_robot/hook/pythonpath.ps1'
[1.637s] INFO:colcon.colcon_core.shell:Creating environment descriptor '/home/edu/diff_offset_robot/install/model_robot/share/model_robot/hook/pythonpath.dsv'
[1.637s] INFO:colcon.colcon_core.shell:Creating environment hook '/home/edu/diff_offset_robot/install/model_robot/share/model_robot/hook/pythonpath.sh'
[1.638s] Level 1:colcon.colcon_core.environment:checking '/home/edu/diff_offset_robot/install/model_robot/bin'
[1.638s] Level 1:colcon.colcon_core.environment:create_environment_scripts_only(model_robot)
[1.639s] INFO:colcon.colcon_core.shell:Creating package script '/home/edu/diff_offset_robot/install/model_robot/share/model_robot/package.ps1'
[1.639s] INFO:colcon.colcon_core.shell:Creating package descriptor '/home/edu/diff_offset_robot/install/model_robot/share/model_robot/package.dsv'
[1.640s] INFO:colcon.colcon_core.shell:Creating package script '/home/edu/diff_offset_robot/install/model_robot/share/model_robot/package.sh'
[1.640s] INFO:colcon.colcon_core.shell:Creating package script '/home/edu/diff_offset_robot/install/model_robot/share/model_robot/package.bash'
[1.641s] INFO:colcon.colcon_core.shell:Creating package script '/home/edu/diff_offset_robot/install/model_robot/share/model_robot/package.zsh'
[1.642s] Level 1:colcon.colcon_core.environment:create_file_with_runtime_dependencies(/home/edu/diff_offset_robot/install/model_robot/share/colcon-core/packages/model_robot)
[1.652s] Level 1:colcon.colcon_core.environment:checking '/home/edu/diff_offset_robot/install/kinematics_controller' for CMake module files
[1.653s] DEBUG:colcon.colcon_core.event_handler.log_command:Invoked command in '/home/edu/diff_offset_robot/src/kinematics_controller' returned '0': PYTHONPATH=/home/edu/diff_offset_robot/build/kinematics_controller/prefix_override:/usr/lib/python3/dist-packages/colcon_core/task/python/colcon_distutils_commands:/home/edu/diff_offset_robot/install/kinematics_controller/lib/python3.10/site-packages:${PYTHONPATH} /usr/bin/python3 -W ignore:setup.py install is deprecated -W ignore:easy_install command is deprecated setup.py egg_info --egg-base ../../build/kinematics_controller build --build-base /home/edu/diff_offset_robot/build/kinematics_controller/build install --record /home/edu/diff_offset_robot/build/kinematics_controller/install.log --single-version-externally-managed install_data
[1.653s] Level 1:colcon.colcon_core.environment:checking '/home/edu/diff_offset_robot/install/kinematics_controller' for CMake config files
[1.654s] Level 1:colcon.colcon_core.environment:checking '/home/edu/diff_offset_robot/install/kinematics_controller/lib'
[1.654s] Level 1:colcon.colcon_core.environment:checking '/home/edu/diff_offset_robot/install/kinematics_controller/bin'
[1.654s] Level 1:colcon.colcon_core.environment:checking '/home/edu/diff_offset_robot/install/kinematics_controller/lib/pkgconfig/kinematics_controller.pc'
[1.654s] Level 1:colcon.colcon_core.environment:checking '/home/edu/diff_offset_robot/install/kinematics_controller/lib/python3.10/site-packages'
[1.654s] Level 1:colcon.colcon_core.shell:create_environment_hook('kinematics_controller', 'pythonpath')
[1.654s] INFO:colcon.colcon_core.shell:Creating environment hook '/home/edu/diff_offset_robot/install/kinematics_controller/share/kinematics_controller/hook/pythonpath.ps1'
[1.655s] INFO:colcon.colcon_core.shell:Creating environment descriptor '/home/edu/diff_offset_robot/install/kinematics_controller/share/kinematics_controller/hook/pythonpath.dsv'
[1.655s] INFO:colcon.colcon_core.shell:Creating environment hook '/home/edu/diff_offset_robot/install/kinematics_controller/share/kinematics_controller/hook/pythonpath.sh'
[1.656s] Level 1:colcon.colcon_core.environment:checking '/home/edu/diff_offset_robot/install/kinematics_controller/bin'
[1.656s] Level 1:colcon.colcon_core.environment:create_environment_scripts_only(kinematics_controller)
[1.656s] INFO:colcon.colcon_core.shell:Creating package script '/home/edu/diff_offset_robot/install/kinematics_controller/share/kinematics_controller/package.ps1'
[1.657s] INFO:colcon.colcon_core.shell:Creating package descriptor '/home/edu/diff_offset_robot/install/kinematics_controller/share/kinematics_controller/package.dsv'
[1.657s] INFO:colcon.colcon_core.shell:Creating package script '/home/edu/diff_offset_robot/install/kinematics_controller/share/kinematics_controller/package.sh'
[1.657s] INFO:colcon.colcon_core.shell:Creating package script '/home/edu/diff_offset_robot/install/kinematics_controller/share/kinematics_controller/package.bash'
[1.658s] INFO:colcon.colcon_core.shell:Creating package script '/home/edu/diff_offset_robot/install/kinematics_controller/share/kinematics_controller/package.zsh'
[1.658s] Level 1:colcon.colcon_core.environment:create_file_with_runtime_dependencies(/home/edu/diff_offset_robot/install/kinematics_controller/share/colcon-core/packages/kinematics_controller)
[1.658s] DEBUG:colcon.colcon_parallel_executor.executor.parallel:closing loop
[1.659s] DEBUG:colcon.colcon_parallel_executor.executor.parallel:loop closed
[1.659s] DEBUG:colcon.colcon_parallel_executor.executor.parallel:run_until_complete finished with '0'
[1.659s] DEBUG:colcon.colcon_core.event_reactor:joining thread
[1.665s] INFO:colcon.colcon_core.plugin_system:Skipping extension 'colcon_notification.desktop_notification.terminal_notifier': Not used on non-Darwin systems
[1.665s] INFO:colcon.colcon_core.plugin_system:Skipping extension 'colcon_notification.desktop_notification.win32': Not used on non-Windows systems
[1.665s] INFO:colcon.colcon_notification.desktop_notification:Sending desktop notification using 'notify2'
[1.680s] DEBUG:colcon.colcon_core.event_reactor:joined thread
[1.680s] INFO:colcon.colcon_core.shell:Creating prefix script '/home/edu/diff_offset_robot/install/local_setup.ps1'
[1.682s] INFO:colcon.colcon_core.shell:Creating prefix util module '/home/edu/diff_offset_robot/install/_local_setup_util_ps1.py'
[1.683s] INFO:colcon.colcon_core.shell:Creating prefix chain script '/home/edu/diff_offset_robot/install/setup.ps1'
[1.685s] INFO:colcon.colcon_core.shell:Creating prefix script '/home/edu/diff_offset_robot/install/local_setup.sh'
[1.685s] INFO:colcon.colcon_core.shell:Creating prefix util module '/home/edu/diff_offset_robot/install/_local_setup_util_sh.py'
[1.686s] INFO:colcon.colcon_core.shell:Creating prefix chain script '/home/edu/diff_offset_robot/install/setup.sh'
[1.687s] INFO:colcon.colcon_core.shell:Creating prefix script '/home/edu/diff_offset_robot/install/local_setup.bash'
[1.687s] INFO:colcon.colcon_core.shell:Creating prefix chain script '/home/edu/diff_offset_robot/install/setup.bash'
[1.688s] INFO:colcon.colcon_core.shell:Creating prefix script '/home/edu/diff_offset_robot/install/local_setup.zsh'
[1.689s] INFO:colcon.colcon_core.shell:Creating prefix chain script '/home/edu/diff_offset_robot/install/setup.zsh'
