running egg_info
writing ../../build/model_robot/model_robot.egg-info/PKG-INFO
writing dependency_links to ../../build/model_robot/model_robot.egg-info/dependency_links.txt
writing entry points to ../../build/model_robot/model_robot.egg-info/entry_points.txt
writing requirements to ../../build/model_robot/model_robot.egg-info/requires.txt
writing top-level names to ../../build/model_robot/model_robot.egg-info/top_level.txt
reading manifest file '../../build/model_robot/model_robot.egg-info/SOURCES.txt'
adding license file 'LICENSE'
writing manifest file '../../build/model_robot/model_robot.egg-info/SOURCES.txt'
running build
running build_py
running install
running install_lib
running install_data
copying urdf/diff_offset_robot.urdf -> /home/edu/diff_offset_robot/install/model_robot/share/model_robot/urdf
copying launch/gazebo.launch.py -> /home/edu/diff_offset_robot/install/model_robot/share/model_robot/launch
running install_egg_info
removing '/home/edu/diff_offset_robot/install/model_robot/lib/python3.10/site-packages/model_robot-0.0.0-py3.10.egg-info' (and everything under it)
Copying ../../build/model_robot/model_robot.egg-info to /home/edu/diff_offset_robot/install/model_robot/lib/python3.10/site-packages/model_robot-0.0.0-py3.10.egg-info
running install_scripts
writing list of installed files to '/home/edu/diff_offset_robot/build/model_robot/install.log'
