[2.053s] Invoking command in '/home/edu/diff_offset_robot/build/model_robot': PYTHONPATH=/home/edu/diff_offset_robot/build/model_robot/prefix_override:/usr/lib/python3/dist-packages/colcon_core/task/python/colcon_distutils_commands:/home/edu/diff_offset_robot/install/model_robot/lib/python3.10/site-packages:${PYTHONPATH} /usr/bin/python3 -W ignore:setup.py install is deprecated -W ignore:easy_install command is deprecated setup.py develop --uninstall --editable --build-directory /home/edu/diff_offset_robot/build/model_robot/build
[2.616s] running develop
[2.975s] Removing /home/edu/diff_offset_robot/install/model_robot/lib/python3.10/site-packages/model-robot.egg-link (link to .)
[3.035s] Invoked command in '/home/edu/diff_offset_robot/build/model_robot' returned '0': PYTHONPATH=/home/edu/diff_offset_robot/build/model_robot/prefix_override:/usr/lib/python3/dist-packages/colcon_core/task/python/colcon_distutils_commands:/home/edu/diff_offset_robot/install/model_robot/lib/python3.10/site-packages:${PYTHONPATH} /usr/bin/python3 -W ignore:setup.py install is deprecated -W ignore:easy_install command is deprecated setup.py develop --uninstall --editable --build-directory /home/edu/diff_offset_robot/build/model_robot/build
[3.038s] Invoking command in '/home/edu/diff_offset_robot/src/model_robot': PYTHONPATH=/home/edu/diff_offset_robot/build/model_robot/prefix_override:/usr/lib/python3/dist-packages/colcon_core/task/python/colcon_distutils_commands:/home/edu/diff_offset_robot/install/model_robot/lib/python3.10/site-packages:${PYTHONPATH} /usr/bin/python3 -W ignore:setup.py install is deprecated -W ignore:easy_install command is deprecated setup.py egg_info --egg-base ../../build/model_robot build --build-base /home/edu/diff_offset_robot/build/model_robot/build install --record /home/edu/diff_offset_robot/build/model_robot/install.log --single-version-externally-managed install_data --force
[3.561s] running egg_info
[3.562s] writing ../../build/model_robot/model_robot.egg-info/PKG-INFO
[3.563s] writing dependency_links to ../../build/model_robot/model_robot.egg-info/dependency_links.txt
[3.563s] writing entry points to ../../build/model_robot/model_robot.egg-info/entry_points.txt
[3.565s] writing requirements to ../../build/model_robot/model_robot.egg-info/requires.txt
[3.567s] writing top-level names to ../../build/model_robot/model_robot.egg-info/top_level.txt
[3.568s] reading manifest file '../../build/model_robot/model_robot.egg-info/SOURCES.txt'
[3.569s] adding license file 'LICENSE'
[3.570s] writing manifest file '../../build/model_robot/model_robot.egg-info/SOURCES.txt'
[3.571s] running build
[3.571s] running build_py
[3.571s] creating /home/edu/diff_offset_robot/build/model_robot/build
[3.572s] creating /home/edu/diff_offset_robot/build/model_robot/build/lib
[3.572s] creating /home/edu/diff_offset_robot/build/model_robot/build/lib/model_robot
[3.572s] copying model_robot/__init__.py -> /home/edu/diff_offset_robot/build/model_robot/build/lib/model_robot
[3.573s] running install
[3.573s] running install_lib
[3.574s] creating /home/edu/diff_offset_robot/install/model_robot/lib/python3.10/site-packages/model_robot
[3.574s] copying /home/edu/diff_offset_robot/build/model_robot/build/lib/model_robot/__init__.py -> /home/edu/diff_offset_robot/install/model_robot/lib/python3.10/site-packages/model_robot
[3.575s] byte-compiling /home/edu/diff_offset_robot/install/model_robot/lib/python3.10/site-packages/model_robot/__init__.py to __init__.cpython-310.pyc
[3.576s] running install_data
[3.577s] copying resource/model_robot -> /home/edu/diff_offset_robot/install/model_robot/share/ament_index/resource_index/packages
[3.577s] copying package.xml -> /home/edu/diff_offset_robot/install/model_robot/share/model_robot
[3.577s] copying urdf/diff_offset_robot.urdf.xacro -> /home/edu/diff_offset_robot/install/model_robot/share/model_robot/urdf
[3.578s] copying launch/gazebo.launch.py -> /home/edu/diff_offset_robot/install/model_robot/share/model_robot/launch
[3.578s] copying launch/display.launch.py -> /home/edu/diff_offset_robot/install/model_robot/share/model_robot/launch
[3.578s] copying meshes/body_wheel_link.STL -> /home/edu/diff_offset_robot/install/model_robot/share/model_robot/meshes
[3.579s] copying meshes/lidar_link.STL -> /home/edu/diff_offset_robot/install/model_robot/share/model_robot/meshes
[3.579s] copying meshes/base_link.STL -> /home/edu/diff_offset_robot/install/model_robot/share/model_robot/meshes
[3.580s] copying meshes/top_base_link.STL -> /home/edu/diff_offset_robot/install/model_robot/share/model_robot/meshes
[3.580s] copying meshes/left_wheel_link.STL -> /home/edu/diff_offset_robot/install/model_robot/share/model_robot/meshes
[3.581s] copying meshes/caster_wheel_link.STL -> /home/edu/diff_offset_robot/install/model_robot/share/model_robot/meshes
[3.582s] copying meshes/right_wheel_link.STL -> /home/edu/diff_offset_robot/install/model_robot/share/model_robot/meshes
[3.584s] copying config/ros2_controller.yaml -> /home/edu/diff_offset_robot/install/model_robot/share/model_robot/config
[3.584s] running install_egg_info
[3.590s] Copying ../../build/model_robot/model_robot.egg-info to /home/edu/diff_offset_robot/install/model_robot/lib/python3.10/site-packages/model_robot-0.0.0-py3.10.egg-info
[3.592s] running install_scripts
[3.635s] writing list of installed files to '/home/edu/diff_offset_robot/build/model_robot/install.log'
[3.702s] Invoked command in '/home/edu/diff_offset_robot/src/model_robot' returned '0': PYTHONPATH=/home/edu/diff_offset_robot/build/model_robot/prefix_override:/usr/lib/python3/dist-packages/colcon_core/task/python/colcon_distutils_commands:/home/edu/diff_offset_robot/install/model_robot/lib/python3.10/site-packages:${PYTHONPATH} /usr/bin/python3 -W ignore:setup.py install is deprecated -W ignore:easy_install command is deprecated setup.py egg_info --egg-base ../../build/model_robot build --build-base /home/edu/diff_offset_robot/build/model_robot/build install --record /home/edu/diff_offset_robot/build/model_robot/install.log --single-version-externally-managed install_data --force
