[0.644s] Invoking command in '/home/edu/diff_offset_robot/build/model_robot': PYTHONPATH=/home/edu/diff_offset_robot/build/model_robot/prefix_override:/usr/lib/python3/dist-packages/colcon_core/task/python/colcon_distutils_commands:/home/edu/diff_offset_robot/install/model_robot/lib/python3.10/site-packages:${PYTHONPATH} /usr/bin/python3 -W ignore:setup.py install is deprecated -W ignore:easy_install command is deprecated setup.py develop --editable --build-directory /home/edu/diff_offset_robot/build/model_robot/build --no-deps symlink_data
[0.837s] running develop
[0.957s] running egg_info
[0.958s] creating model_robot.egg-info
[0.958s] writing model_robot.egg-info/PKG-INFO
[0.958s] writing dependency_links to model_robot.egg-info/dependency_links.txt
[0.958s] writing entry points to model_robot.egg-info/entry_points.txt
[0.958s] writing requirements to model_robot.egg-info/requires.txt
[0.958s] writing top-level names to model_robot.egg-info/top_level.txt
[0.958s] writing manifest file 'model_robot.egg-info/SOURCES.txt'
[0.959s] reading manifest file 'model_robot.egg-info/SOURCES.txt'
[0.960s] writing manifest file 'model_robot.egg-info/SOURCES.txt'
[0.961s] running build_ext
[0.961s] Creating /home/edu/diff_offset_robot/install/model_robot/lib/python3.10/site-packages/model-robot.egg-link (link to .)
[0.962s] 
[0.962s] Installed /home/edu/diff_offset_robot/build/model_robot
[0.962s] running symlink_data
[0.962s] creating /home/edu/diff_offset_robot/install/model_robot/share/ament_index
[0.962s] creating /home/edu/diff_offset_robot/install/model_robot/share/ament_index/resource_index
[0.962s] creating /home/edu/diff_offset_robot/install/model_robot/share/ament_index/resource_index/packages
[0.963s] symbolically linking /home/edu/diff_offset_robot/build/model_robot/resource/model_robot -> /home/edu/diff_offset_robot/install/model_robot/share/ament_index/resource_index/packages
[0.963s] symbolically linking /home/edu/diff_offset_robot/build/model_robot/package.xml -> /home/edu/diff_offset_robot/install/model_robot/share/model_robot
[0.963s] creating /home/edu/diff_offset_robot/install/model_robot/share/model_robot/urdf
[0.963s] symbolically linking /home/edu/diff_offset_robot/build/model_robot/urdf/diff_offset_robot.urdf.xacro -> /home/edu/diff_offset_robot/install/model_robot/share/model_robot/urdf
[0.963s] creating /home/edu/diff_offset_robot/install/model_robot/share/model_robot/launch
[0.963s] symbolically linking /home/edu/diff_offset_robot/build/model_robot/launch/gazebo.launch.py -> /home/edu/diff_offset_robot/install/model_robot/share/model_robot/launch
[0.963s] symbolically linking /home/edu/diff_offset_robot/build/model_robot/launch/display.launch.py -> /home/edu/diff_offset_robot/install/model_robot/share/model_robot/launch
[0.963s] creating /home/edu/diff_offset_robot/install/model_robot/share/model_robot/meshes
[0.963s] symbolically linking /home/edu/diff_offset_robot/build/model_robot/meshes/body_wheel_link.STL -> /home/edu/diff_offset_robot/install/model_robot/share/model_robot/meshes
[0.963s] symbolically linking /home/edu/diff_offset_robot/build/model_robot/meshes/lidar_link.STL -> /home/edu/diff_offset_robot/install/model_robot/share/model_robot/meshes
[0.963s] symbolically linking /home/edu/diff_offset_robot/build/model_robot/meshes/base_link.STL -> /home/edu/diff_offset_robot/install/model_robot/share/model_robot/meshes
[0.963s] symbolically linking /home/edu/diff_offset_robot/build/model_robot/meshes/top_base_link.STL -> /home/edu/diff_offset_robot/install/model_robot/share/model_robot/meshes
[0.963s] symbolically linking /home/edu/diff_offset_robot/build/model_robot/meshes/left_wheel_link.STL -> /home/edu/diff_offset_robot/install/model_robot/share/model_robot/meshes
[0.964s] symbolically linking /home/edu/diff_offset_robot/build/model_robot/meshes/caster_wheel_link.STL -> /home/edu/diff_offset_robot/install/model_robot/share/model_robot/meshes
[0.964s] symbolically linking /home/edu/diff_offset_robot/build/model_robot/meshes/right_wheel_link.STL -> /home/edu/diff_offset_robot/install/model_robot/share/model_robot/meshes
[0.964s] creating /home/edu/diff_offset_robot/install/model_robot/share/model_robot/config
[0.964s] symbolically linking /home/edu/diff_offset_robot/build/model_robot/config/ros2_controller.yaml -> /home/edu/diff_offset_robot/install/model_robot/share/model_robot/config
[0.989s] Invoked command in '/home/edu/diff_offset_robot/build/model_robot' returned '0': PYTHONPATH=/home/edu/diff_offset_robot/build/model_robot/prefix_override:/usr/lib/python3/dist-packages/colcon_core/task/python/colcon_distutils_commands:/home/edu/diff_offset_robot/install/model_robot/lib/python3.10/site-packages:${PYTHONPATH} /usr/bin/python3 -W ignore:setup.py install is deprecated -W ignore:easy_install command is deprecated setup.py develop --editable --build-directory /home/edu/diff_offset_robot/build/model_robot/build --no-deps symlink_data
