[1.017s] Invoking command in '/home/edu/diff_offset_robot/src/model_robot': PYTHONPATH=/home/edu/diff_offset_robot/build/model_robot/prefix_override:/usr/lib/python3/dist-packages/colcon_core/task/python/colcon_distutils_commands:/home/edu/diff_offset_robot/install/model_robot/lib/python3.10/site-packages:${PYTHONPATH} /usr/bin/python3 -W ignore:setup.py install is deprecated -W ignore:easy_install command is deprecated setup.py egg_info --egg-base ../../build/model_robot build --build-base /home/edu/diff_offset_robot/build/model_robot/build install --record /home/edu/diff_offset_robot/build/model_robot/install.log --single-version-externally-managed install_data
[1.289s] running egg_info
[1.290s] writing ../../build/model_robot/model_robot.egg-info/PKG-INFO
[1.291s] writing dependency_links to ../../build/model_robot/model_robot.egg-info/dependency_links.txt
[1.291s] writing entry points to ../../build/model_robot/model_robot.egg-info/entry_points.txt
[1.291s] writing requirements to ../../build/model_robot/model_robot.egg-info/requires.txt
[1.291s] writing top-level names to ../../build/model_robot/model_robot.egg-info/top_level.txt
[1.293s] reading manifest file '../../build/model_robot/model_robot.egg-info/SOURCES.txt'
[1.293s] adding license file 'LICENSE'
[1.296s] writing manifest file '../../build/model_robot/model_robot.egg-info/SOURCES.txt'
[1.296s] running build
[1.296s] running build_py
[1.296s] running install
[1.296s] running install_lib
[1.297s] running install_data
[1.298s] running install_egg_info
[1.300s] removing '/home/edu/diff_offset_robot/install/model_robot/lib/python3.10/site-packages/model_robot-0.0.0-py3.10.egg-info' (and everything under it)
[1.300s] Copying ../../build/model_robot/model_robot.egg-info to /home/edu/diff_offset_robot/install/model_robot/lib/python3.10/site-packages/model_robot-0.0.0-py3.10.egg-info
[1.302s] running install_scripts
[1.325s] writing list of installed files to '/home/edu/diff_offset_robot/build/model_robot/install.log'
[1.363s] Invoked command in '/home/edu/diff_offset_robot/src/model_robot' returned '0': PYTHONPATH=/home/edu/diff_offset_robot/build/model_robot/prefix_override:/usr/lib/python3/dist-packages/colcon_core/task/python/colcon_distutils_commands:/home/edu/diff_offset_robot/install/model_robot/lib/python3.10/site-packages:${PYTHONPATH} /usr/bin/python3 -W ignore:setup.py install is deprecated -W ignore:easy_install command is deprecated setup.py egg_info --egg-base ../../build/model_robot build --build-base /home/edu/diff_offset_robot/build/model_robot/build install --record /home/edu/diff_offset_robot/build/model_robot/install.log --single-version-externally-managed install_data
