[0.401s] Invoking command in '/home/edu/diff_offset_robot/src/model_robot': PYTHONPATH=/home/edu/diff_offset_robot/build/model_robot/prefix_override:/usr/lib/python3/dist-packages/colcon_core/task/python/colcon_distutils_commands:/home/edu/diff_offset_robot/install/model_robot/lib/python3.10/site-packages:${PYTHONPATH} /usr/bin/python3 -W ignore:setup.py install is deprecated -W ignore:easy_install command is deprecated setup.py egg_info --egg-base ../../build/model_robot build --build-base /home/edu/diff_offset_robot/build/model_robot/build install --record /home/edu/diff_offset_robot/build/model_robot/install.log --single-version-externally-managed install_data
[0.563s] running egg_info
[0.563s] writing ../../build/model_robot/model_robot.egg-info/PKG-INFO
[0.564s] writing dependency_links to ../../build/model_robot/model_robot.egg-info/dependency_links.txt
[0.564s] writing entry points to ../../build/model_robot/model_robot.egg-info/entry_points.txt
[0.564s] writing requirements to ../../build/model_robot/model_robot.egg-info/requires.txt
[0.564s] writing top-level names to ../../build/model_robot/model_robot.egg-info/top_level.txt
[0.565s] reading manifest file '../../build/model_robot/model_robot.egg-info/SOURCES.txt'
[0.565s] adding license file 'LICENSE'
[0.566s] writing manifest file '../../build/model_robot/model_robot.egg-info/SOURCES.txt'
[0.566s] running build
[0.566s] running build_py
[0.566s] running install
[0.566s] running install_lib
[0.567s] running install_data
[0.567s] copying urdf/diff_offset_robot.urdf -> /home/edu/diff_offset_robot/install/model_robot/share/model_robot/urdf
[0.567s] running install_egg_info
[0.568s] removing '/home/edu/diff_offset_robot/install/model_robot/lib/python3.10/site-packages/model_robot-0.0.0-py3.10.egg-info' (and everything under it)
[0.569s] Copying ../../build/model_robot/model_robot.egg-info to /home/edu/diff_offset_robot/install/model_robot/lib/python3.10/site-packages/model_robot-0.0.0-py3.10.egg-info
[0.569s] running install_scripts
[0.584s] writing list of installed files to '/home/edu/diff_offset_robot/build/model_robot/install.log'
[0.600s] Invoked command in '/home/edu/diff_offset_robot/src/model_robot' returned '0': PYTHONPATH=/home/edu/diff_offset_robot/build/model_robot/prefix_override:/usr/lib/python3/dist-packages/colcon_core/task/python/colcon_distutils_commands:/home/edu/diff_offset_robot/install/model_robot/lib/python3.10/site-packages:${PYTHONPATH} /usr/bin/python3 -W ignore:setup.py install is deprecated -W ignore:easy_install command is deprecated setup.py egg_info --egg-base ../../build/model_robot build --build-base /home/edu/diff_offset_robot/build/model_robot/build install --record /home/edu/diff_offset_robot/build/model_robot/install.log --single-version-externally-managed install_data
