[1.176s] Invoking command in '/home/edu/diff_offset_robot/src/model_robot': PYTHONPATH=/home/edu/diff_offset_robot/build/model_robot/prefix_override:/usr/lib/python3/dist-packages/colcon_core/task/python/colcon_distutils_commands:/home/edu/diff_offset_robot/install/model_robot/lib/python3.10/site-packages:${PYTHONPATH} /usr/bin/python3 -W ignore:setup.py install is deprecated -W ignore:easy_install command is deprecated setup.py egg_info --egg-base ../../build/model_robot build --build-base /home/edu/diff_offset_robot/build/model_robot/build install --record /home/edu/diff_offset_robot/build/model_robot/install.log --single-version-externally-managed install_data
[1.450s] running egg_info
[1.450s] writing ../../build/model_robot/model_robot.egg-info/PKG-INFO
[1.451s] writing dependency_links to ../../build/model_robot/model_robot.egg-info/dependency_links.txt
[1.451s] writing entry points to ../../build/model_robot/model_robot.egg-info/entry_points.txt
[1.451s] writing requirements to ../../build/model_robot/model_robot.egg-info/requires.txt
[1.451s] writing top-level names to ../../build/model_robot/model_robot.egg-info/top_level.txt
[1.453s] reading manifest file '../../build/model_robot/model_robot.egg-info/SOURCES.txt'
[1.454s] adding license file 'LICENSE'
[1.454s] writing manifest file '../../build/model_robot/model_robot.egg-info/SOURCES.txt'
[1.454s] running build
[1.454s] running build_py
[1.455s] running install
[1.457s] running install_lib
[1.458s] running install_data
[1.458s] copying urdf/diff_offset_robot.urdf.xacro -> /home/edu/diff_offset_robot/install/model_robot/share/model_robot/urdf
[1.459s] copying config/ros2_controller.yaml -> /home/edu/diff_offset_robot/install/model_robot/share/model_robot/config
[1.459s] running install_egg_info
[1.461s] removing '/home/edu/diff_offset_robot/install/model_robot/lib/python3.10/site-packages/model_robot-0.0.0-py3.10.egg-info' (and everything under it)
[1.462s] Copying ../../build/model_robot/model_robot.egg-info to /home/edu/diff_offset_robot/install/model_robot/lib/python3.10/site-packages/model_robot-0.0.0-py3.10.egg-info
[1.463s] running install_scripts
[1.486s] writing list of installed files to '/home/edu/diff_offset_robot/build/model_robot/install.log'
[1.543s] Invoked command in '/home/edu/diff_offset_robot/src/model_robot' returned '0': PYTHONPATH=/home/edu/diff_offset_robot/build/model_robot/prefix_override:/usr/lib/python3/dist-packages/colcon_core/task/python/colcon_distutils_commands:/home/edu/diff_offset_robot/install/model_robot/lib/python3.10/site-packages:${PYTHONPATH} /usr/bin/python3 -W ignore:setup.py install is deprecated -W ignore:easy_install command is deprecated setup.py egg_info --egg-base ../../build/model_robot build --build-base /home/edu/diff_offset_robot/build/model_robot/build install --record /home/edu/diff_offset_robot/build/model_robot/install.log --single-version-externally-managed install_data
