[0.303s] DEBUG:colcon:Command line arguments: ['/usr/bin/colcon', 'build']
[0.303s] DEBUG:colcon:Parsed command line arguments: Namespace(log_base=None, log_level=None, verb_name='build', build_base='build', install_base='install', merge_install=False, symlink_install=False, test_result_base=None, continue_on_error=False, executor='parallel', parallel_workers=16, event_handlers=None, ignore_user_meta=False, metas=['./colcon.meta'], base_paths=['.'], packages_ignore=None, packages_ignore_regex=None, paths=None, packages_up_to=None, packages_up_to_regex=None, packages_above=None, packages_above_and_dependencies=None, packages_above_depth=None, packages_select_by_dep=None, packages_skip_by_dep=None, packages_skip_up_to=None, packages_select_build_failed=False, packages_skip_build_finished=False, packages_select_test_failures=False, packages_skip_test_passed=False, packages_select=None, packages_skip=None, packages_select_regex=None, packages_skip_regex=None, packages_start=None, packages_end=None, allow_overriding=[], cmake_args=None, cmake_target=None, cmake_target_skip_unavailable=False, cmake_clean_cache=False, cmake_clean_first=False, cmake_force_configure=False, ament_cmake_args=None, catkin_cmake_args=None, catkin_skip_building_tests=False, mixin_files=None, mixin=None, verb_parser=<colcon_mixin.mixin.mixin_argument.MixinArgumentDecorator object at 0x73abf6f25e10>, verb_extension=<colcon_core.verb.build.BuildVerb object at 0x73abf6f258d0>, main=<bound method BuildVerb.main of <colcon_core.verb.build.BuildVerb object at 0x73abf6f258d0>>, mixin_verb=('build',))
[0.769s] Level 1:colcon.colcon_core.package_discovery:discover_packages(colcon_meta) check parameters
[0.769s] Level 1:colcon.colcon_core.package_discovery:discover_packages(recursive) check parameters
[0.769s] Level 1:colcon.colcon_core.package_discovery:discover_packages(ignore) check parameters
[0.769s] Level 1:colcon.colcon_core.package_discovery:discover_packages(path) check parameters
[0.769s] Level 1:colcon.colcon_core.package_discovery:discover_packages(colcon_meta) discover
[0.770s] Level 1:colcon.colcon_core.package_discovery:discover_packages(recursive) discover
[0.770s] INFO:colcon.colcon_core.package_discovery:Crawling recursively for packages in '/home/edu/diff_offset_robot'
[0.770s] Level 1:colcon.colcon_core.package_identification:_identify(.) by extensions ['ignore', 'ignore_ament_install']
[0.770s] Level 1:colcon.colcon_core.package_identification:_identify(.) by extension 'ignore'
[0.771s] Level 1:colcon.colcon_core.package_identification:_identify(.) by extension 'ignore_ament_install'
[0.771s] Level 1:colcon.colcon_core.package_identification:_identify(.) by extensions ['colcon_pkg']
[0.771s] Level 1:colcon.colcon_core.package_identification:_identify(.) by extension 'colcon_pkg'
[0.771s] Level 1:colcon.colcon_core.package_identification:_identify(.) by extensions ['colcon_meta']
[0.771s] Level 1:colcon.colcon_core.package_identification:_identify(.) by extension 'colcon_meta'
[0.771s] Level 1:colcon.colcon_core.package_identification:_identify(.) by extensions ['ros']
[0.771s] Level 1:colcon.colcon_core.package_identification:_identify(.) by extension 'ros'
[0.797s] Level 1:colcon.colcon_core.package_identification:_identify(.) by extensions ['cmake', 'python']
[0.797s] Level 1:colcon.colcon_core.package_identification:_identify(.) by extension 'cmake'
[0.797s] Level 1:colcon.colcon_core.package_identification:_identify(.) by extension 'python'
[0.797s] Level 1:colcon.colcon_core.package_identification:_identify(.) by extensions ['python_setup_py']
[0.797s] Level 1:colcon.colcon_core.package_identification:_identify(.) by extension 'python_setup_py'
[0.798s] Level 1:colcon.colcon_core.package_identification:_identify(build) by extensions ['ignore', 'ignore_ament_install']
[0.798s] Level 1:colcon.colcon_core.package_identification:_identify(build) by extension 'ignore'
[0.798s] Level 1:colcon.colcon_core.package_identification:_identify(build) ignored
[0.798s] Level 1:colcon.colcon_core.package_identification:_identify(install) by extensions ['ignore', 'ignore_ament_install']
[0.799s] Level 1:colcon.colcon_core.package_identification:_identify(install) by extension 'ignore'
[0.799s] Level 1:colcon.colcon_core.package_identification:_identify(install) ignored
[0.799s] Level 1:colcon.colcon_core.package_identification:_identify(log) by extensions ['ignore', 'ignore_ament_install']
[0.800s] Level 1:colcon.colcon_core.package_identification:_identify(log) by extension 'ignore'
[0.800s] Level 1:colcon.colcon_core.package_identification:_identify(log) ignored
[0.800s] Level 1:colcon.colcon_core.package_identification:_identify(src) by extensions ['ignore', 'ignore_ament_install']
[0.800s] Level 1:colcon.colcon_core.package_identification:_identify(src) by extension 'ignore'
[0.800s] Level 1:colcon.colcon_core.package_identification:_identify(src) by extension 'ignore_ament_install'
[0.801s] Level 1:colcon.colcon_core.package_identification:_identify(src) by extensions ['colcon_pkg']
[0.801s] Level 1:colcon.colcon_core.package_identification:_identify(src) by extension 'colcon_pkg'
[0.801s] Level 1:colcon.colcon_core.package_identification:_identify(src) by extensions ['colcon_meta']
[0.801s] Level 1:colcon.colcon_core.package_identification:_identify(src) by extension 'colcon_meta'
[0.801s] Level 1:colcon.colcon_core.package_identification:_identify(src) by extensions ['ros']
[0.802s] Level 1:colcon.colcon_core.package_identification:_identify(src) by extension 'ros'
[0.802s] Level 1:colcon.colcon_core.package_identification:_identify(src) by extensions ['cmake', 'python']
[0.802s] Level 1:colcon.colcon_core.package_identification:_identify(src) by extension 'cmake'
[0.802s] Level 1:colcon.colcon_core.package_identification:_identify(src) by extension 'python'
[0.802s] Level 1:colcon.colcon_core.package_identification:_identify(src) by extensions ['python_setup_py']
[0.802s] Level 1:colcon.colcon_core.package_identification:_identify(src) by extension 'python_setup_py'
[0.803s] Level 1:colcon.colcon_core.package_identification:_identify(src/kinematics_controller) by extensions ['ignore', 'ignore_ament_install']
[0.803s] Level 1:colcon.colcon_core.package_identification:_identify(src/kinematics_controller) by extension 'ignore'
[0.803s] Level 1:colcon.colcon_core.package_identification:_identify(src/kinematics_controller) by extension 'ignore_ament_install'
[0.803s] Level 1:colcon.colcon_core.package_identification:_identify(src/kinematics_controller) by extensions ['colcon_pkg']
[0.803s] Level 1:colcon.colcon_core.package_identification:_identify(src/kinematics_controller) by extension 'colcon_pkg'
[0.804s] Level 1:colcon.colcon_core.package_identification:_identify(src/kinematics_controller) by extensions ['colcon_meta']
[0.804s] Level 1:colcon.colcon_core.package_identification:_identify(src/kinematics_controller) by extension 'colcon_meta'
[0.804s] Level 1:colcon.colcon_core.package_identification:_identify(src/kinematics_controller) by extensions ['ros']
[0.804s] Level 1:colcon.colcon_core.package_identification:_identify(src/kinematics_controller) by extension 'ros'
[0.810s] DEBUG:colcon.colcon_core.package_identification:Package 'src/kinematics_controller' with type 'ros.ament_python' and name 'kinematics_controller'
[0.810s] Level 1:colcon.colcon_core.package_identification:_identify(src/model_robot) by extensions ['ignore', 'ignore_ament_install']
[0.811s] Level 1:colcon.colcon_core.package_identification:_identify(src/model_robot) by extension 'ignore'
[0.811s] Level 1:colcon.colcon_core.package_identification:_identify(src/model_robot) by extension 'ignore_ament_install'
[0.811s] Level 1:colcon.colcon_core.package_identification:_identify(src/model_robot) by extensions ['colcon_pkg']
[0.811s] Level 1:colcon.colcon_core.package_identification:_identify(src/model_robot) by extension 'colcon_pkg'
[0.812s] Level 1:colcon.colcon_core.package_identification:_identify(src/model_robot) by extensions ['colcon_meta']
[0.812s] Level 1:colcon.colcon_core.package_identification:_identify(src/model_robot) by extension 'colcon_meta'
[0.812s] Level 1:colcon.colcon_core.package_identification:_identify(src/model_robot) by extensions ['ros']
[0.812s] Level 1:colcon.colcon_core.package_identification:_identify(src/model_robot) by extension 'ros'
[0.813s] DEBUG:colcon.colcon_core.package_identification:Package 'src/model_robot' with type 'ros.ament_python' and name 'model_robot'
[0.814s] Level 1:colcon.colcon_core.package_discovery:discover_packages(recursive) using defaults
[0.814s] Level 1:colcon.colcon_core.package_discovery:discover_packages(ignore) discover
[0.814s] Level 1:colcon.colcon_core.package_discovery:discover_packages(ignore) using defaults
[0.814s] Level 1:colcon.colcon_core.package_discovery:discover_packages(path) discover
[0.814s] Level 1:colcon.colcon_core.package_discovery:discover_packages(path) using defaults
[0.882s] Level 1:colcon.colcon_core.package_discovery:discover_packages(prefix_path) check parameters
[0.882s] Level 1:colcon.colcon_core.package_discovery:discover_packages(prefix_path) discover
[0.888s] DEBUG:colcon.colcon_installed_package_information.package_discovery:Found 2 installed packages in /home/edu/diff_offset_robot/install
[0.894s] DEBUG:colcon.colcon_installed_package_information.package_discovery:Found 391 installed packages in /opt/ros/humble
[0.898s] Level 1:colcon.colcon_core.package_discovery:discover_packages(prefix_path) using defaults
[1.030s] Level 5:colcon.colcon_core.verb:set package 'kinematics_controller' build argument 'cmake_args' from command line to 'None'
[1.030s] Level 5:colcon.colcon_core.verb:set package 'kinematics_controller' build argument 'cmake_target' from command line to 'None'
[1.030s] Level 5:colcon.colcon_core.verb:set package 'kinematics_controller' build argument 'cmake_target_skip_unavailable' from command line to 'False'
[1.030s] Level 5:colcon.colcon_core.verb:set package 'kinematics_controller' build argument 'cmake_clean_cache' from command line to 'False'
[1.030s] Level 5:colcon.colcon_core.verb:set package 'kinematics_controller' build argument 'cmake_clean_first' from command line to 'False'
[1.030s] Level 5:colcon.colcon_core.verb:set package 'kinematics_controller' build argument 'cmake_force_configure' from command line to 'False'
[1.030s] Level 5:colcon.colcon_core.verb:set package 'kinematics_controller' build argument 'ament_cmake_args' from command line to 'None'
[1.031s] Level 5:colcon.colcon_core.verb:set package 'kinematics_controller' build argument 'catkin_cmake_args' from command line to 'None'
[1.031s] Level 5:colcon.colcon_core.verb:set package 'kinematics_controller' build argument 'catkin_skip_building_tests' from command line to 'False'
[1.031s] DEBUG:colcon.colcon_core.verb:Building package 'kinematics_controller' with the following arguments: {'ament_cmake_args': None, 'build_base': '/home/edu/diff_offset_robot/build/kinematics_controller', 'catkin_cmake_args': None, 'catkin_skip_building_tests': False, 'cmake_args': None, 'cmake_clean_cache': False, 'cmake_clean_first': False, 'cmake_force_configure': False, 'cmake_target': None, 'cmake_target_skip_unavailable': False, 'install_base': '/home/edu/diff_offset_robot/install/kinematics_controller', 'merge_install': False, 'path': '/home/edu/diff_offset_robot/src/kinematics_controller', 'symlink_install': False, 'test_result_base': None}
[1.032s] Level 5:colcon.colcon_core.verb:set package 'model_robot' build argument 'cmake_args' from command line to 'None'
[1.032s] Level 5:colcon.colcon_core.verb:set package 'model_robot' build argument 'cmake_target' from command line to 'None'
[1.032s] Level 5:colcon.colcon_core.verb:set package 'model_robot' build argument 'cmake_target_skip_unavailable' from command line to 'False'
[1.032s] Level 5:colcon.colcon_core.verb:set package 'model_robot' build argument 'cmake_clean_cache' from command line to 'False'
[1.032s] Level 5:colcon.colcon_core.verb:set package 'model_robot' build argument 'cmake_clean_first' from command line to 'False'
[1.032s] Level 5:colcon.colcon_core.verb:set package 'model_robot' build argument 'cmake_force_configure' from command line to 'False'
[1.032s] Level 5:colcon.colcon_core.verb:set package 'model_robot' build argument 'ament_cmake_args' from command line to 'None'
[1.032s] Level 5:colcon.colcon_core.verb:set package 'model_robot' build argument 'catkin_cmake_args' from command line to 'None'
[1.032s] Level 5:colcon.colcon_core.verb:set package 'model_robot' build argument 'catkin_skip_building_tests' from command line to 'False'
[1.033s] DEBUG:colcon.colcon_core.verb:Building package 'model_robot' with the following arguments: {'ament_cmake_args': None, 'build_base': '/home/edu/diff_offset_robot/build/model_robot', 'catkin_cmake_args': None, 'catkin_skip_building_tests': False, 'cmake_args': None, 'cmake_clean_cache': False, 'cmake_clean_first': False, 'cmake_force_configure': False, 'cmake_target': None, 'cmake_target_skip_unavailable': False, 'install_base': '/home/edu/diff_offset_robot/install/model_robot', 'merge_install': False, 'path': '/home/edu/diff_offset_robot/src/model_robot', 'symlink_install': False, 'test_result_base': None}
[1.033s] INFO:colcon.colcon_core.executor:Executing jobs using 'parallel' executor
[1.036s] DEBUG:colcon.colcon_parallel_executor.executor.parallel:run_until_complete
[1.036s] INFO:colcon.colcon_ros.task.ament_python.build:Building ROS package in '/home/edu/diff_offset_robot/src/kinematics_controller' with build type 'ament_python'
[1.036s] Level 1:colcon.colcon_core.shell:create_environment_hook('kinematics_controller', 'ament_prefix_path')
[1.045s] INFO:colcon.colcon_core.plugin_system:Skipping extension 'colcon_core.shell.bat': Not used on non-Windows systems
[1.046s] INFO:colcon.colcon_core.shell:Creating environment hook '/home/edu/diff_offset_robot/install/kinematics_controller/share/kinematics_controller/hook/ament_prefix_path.ps1'
[1.048s] INFO:colcon.colcon_core.shell:Creating environment descriptor '/home/edu/diff_offset_robot/install/kinematics_controller/share/kinematics_controller/hook/ament_prefix_path.dsv'
[1.049s] INFO:colcon.colcon_core.shell:Creating environment hook '/home/edu/diff_offset_robot/install/kinematics_controller/share/kinematics_controller/hook/ament_prefix_path.sh'
[1.052s] INFO:colcon.colcon_core.shell:Skip shell extension 'powershell' for command environment: Not usable outside of PowerShell
[1.052s] DEBUG:colcon.colcon_core.shell:Skip shell extension 'dsv' for command environment
[1.062s] INFO:colcon.colcon_ros.task.ament_python.build:Building ROS package in '/home/edu/diff_offset_robot/src/model_robot' with build type 'ament_python'
[1.063s] Level 1:colcon.colcon_core.shell:create_environment_hook('model_robot', 'ament_prefix_path')
[1.064s] INFO:colcon.colcon_core.shell:Creating environment hook '/home/edu/diff_offset_robot/install/model_robot/share/model_robot/hook/ament_prefix_path.ps1'
[1.065s] INFO:colcon.colcon_core.shell:Creating environment descriptor '/home/edu/diff_offset_robot/install/model_robot/share/model_robot/hook/ament_prefix_path.dsv'
[1.067s] INFO:colcon.colcon_core.shell:Creating environment hook '/home/edu/diff_offset_robot/install/model_robot/share/model_robot/hook/ament_prefix_path.sh'
[1.069s] INFO:colcon.colcon_core.shell:Skip shell extension 'powershell' for command environment: Not usable outside of PowerShell
[1.069s] DEBUG:colcon.colcon_core.shell:Skip shell extension 'dsv' for command environment
[1.722s] INFO:colcon.colcon_core.task.python.build:Building Python package in '/home/edu/diff_offset_robot/src/kinematics_controller'
[1.723s] INFO:colcon.colcon_core.shell:Skip shell extension 'powershell' for command environment: Not usable outside of PowerShell
[1.723s] DEBUG:colcon.colcon_core.shell:Skip shell extension 'dsv' for command environment
[2.361s] INFO:colcon.colcon_core.task.python.build:Building Python package in '/home/edu/diff_offset_robot/src/model_robot'
[2.362s] INFO:colcon.colcon_core.shell:Skip shell extension 'powershell' for command environment: Not usable outside of PowerShell
[2.362s] DEBUG:colcon.colcon_core.shell:Skip shell extension 'dsv' for command environment
[3.325s] DEBUG:colcon.colcon_core.event_handler.log_command:Invoking command in '/home/edu/diff_offset_robot/src/model_robot': PYTHONPATH=/home/edu/diff_offset_robot/build/model_robot/prefix_override:/usr/lib/python3/dist-packages/colcon_core/task/python/colcon_distutils_commands:/home/edu/diff_offset_robot/install/model_robot/lib/python3.10/site-packages:${PYTHONPATH} /usr/bin/python3 -W ignore:setup.py install is deprecated -W ignore:easy_install command is deprecated setup.py egg_info --egg-base ../../build/model_robot build --build-base /home/edu/diff_offset_robot/build/model_robot/build install --record /home/edu/diff_offset_robot/build/model_robot/install.log --single-version-externally-managed install_data
[3.333s] DEBUG:colcon.colcon_core.event_handler.log_command:Invoking command in '/home/edu/diff_offset_robot/src/kinematics_controller': PYTHONPATH=/home/edu/diff_offset_robot/build/kinematics_controller/prefix_override:/usr/lib/python3/dist-packages/colcon_core/task/python/colcon_distutils_commands:/home/edu/diff_offset_robot/install/kinematics_controller/lib/python3.10/site-packages:${PYTHONPATH} /usr/bin/python3 -W ignore:setup.py install is deprecated -W ignore:easy_install command is deprecated setup.py egg_info --egg-base ../../build/kinematics_controller build --build-base /home/edu/diff_offset_robot/build/kinematics_controller/build install --record /home/edu/diff_offset_robot/build/kinematics_controller/install.log --single-version-externally-managed install_data
[4.028s] DEBUG:colcon.colcon_core.event_handler.log_command:Invoked command in '/home/edu/diff_offset_robot/src/model_robot' returned '0': PYTHONPATH=/home/edu/diff_offset_robot/build/model_robot/prefix_override:/usr/lib/python3/dist-packages/colcon_core/task/python/colcon_distutils_commands:/home/edu/diff_offset_robot/install/model_robot/lib/python3.10/site-packages:${PYTHONPATH} /usr/bin/python3 -W ignore:setup.py install is deprecated -W ignore:easy_install command is deprecated setup.py egg_info --egg-base ../../build/model_robot build --build-base /home/edu/diff_offset_robot/build/model_robot/build install --record /home/edu/diff_offset_robot/build/model_robot/install.log --single-version-externally-managed install_data
[4.036s] Level 1:colcon.colcon_core.environment:checking '/home/edu/diff_offset_robot/install/model_robot' for CMake module files
[4.037s] Level 1:colcon.colcon_core.environment:checking '/home/edu/diff_offset_robot/install/model_robot' for CMake config files
[4.039s] Level 1:colcon.colcon_core.environment:checking '/home/edu/diff_offset_robot/install/model_robot/lib'
[4.040s] Level 1:colcon.colcon_core.environment:checking '/home/edu/diff_offset_robot/install/model_robot/bin'
[4.040s] Level 1:colcon.colcon_core.environment:checking '/home/edu/diff_offset_robot/install/model_robot/lib/pkgconfig/model_robot.pc'
[4.040s] Level 1:colcon.colcon_core.environment:checking '/home/edu/diff_offset_robot/install/model_robot/lib/python3.10/site-packages'
[4.041s] Level 1:colcon.colcon_core.shell:create_environment_hook('model_robot', 'pythonpath')
[4.041s] INFO:colcon.colcon_core.shell:Creating environment hook '/home/edu/diff_offset_robot/install/model_robot/share/model_robot/hook/pythonpath.ps1'
[4.042s] INFO:colcon.colcon_core.shell:Creating environment descriptor '/home/edu/diff_offset_robot/install/model_robot/share/model_robot/hook/pythonpath.dsv'
[4.043s] INFO:colcon.colcon_core.shell:Creating environment hook '/home/edu/diff_offset_robot/install/model_robot/share/model_robot/hook/pythonpath.sh'
[4.045s] Level 1:colcon.colcon_core.environment:checking '/home/edu/diff_offset_robot/install/model_robot/bin'
[4.045s] Level 1:colcon.colcon_core.environment:create_environment_scripts_only(model_robot)
[4.046s] INFO:colcon.colcon_core.shell:Creating package script '/home/edu/diff_offset_robot/install/model_robot/share/model_robot/package.ps1'
[4.048s] INFO:colcon.colcon_core.shell:Creating package descriptor '/home/edu/diff_offset_robot/install/model_robot/share/model_robot/package.dsv'
[4.050s] INFO:colcon.colcon_core.shell:Creating package script '/home/edu/diff_offset_robot/install/model_robot/share/model_robot/package.sh'
[4.052s] INFO:colcon.colcon_core.shell:Creating package script '/home/edu/diff_offset_robot/install/model_robot/share/model_robot/package.bash'
[4.054s] INFO:colcon.colcon_core.shell:Creating package script '/home/edu/diff_offset_robot/install/model_robot/share/model_robot/package.zsh'
[4.056s] Level 1:colcon.colcon_core.environment:create_file_with_runtime_dependencies(/home/edu/diff_offset_robot/install/model_robot/share/colcon-core/packages/model_robot)
[4.060s] Level 1:colcon.colcon_core.environment:checking '/home/edu/diff_offset_robot/install/kinematics_controller' for CMake module files
[4.061s] DEBUG:colcon.colcon_core.event_handler.log_command:Invoked command in '/home/edu/diff_offset_robot/src/kinematics_controller' returned '0': PYTHONPATH=/home/edu/diff_offset_robot/build/kinematics_controller/prefix_override:/usr/lib/python3/dist-packages/colcon_core/task/python/colcon_distutils_commands:/home/edu/diff_offset_robot/install/kinematics_controller/lib/python3.10/site-packages:${PYTHONPATH} /usr/bin/python3 -W ignore:setup.py install is deprecated -W ignore:easy_install command is deprecated setup.py egg_info --egg-base ../../build/kinematics_controller build --build-base /home/edu/diff_offset_robot/build/kinematics_controller/build install --record /home/edu/diff_offset_robot/build/kinematics_controller/install.log --single-version-externally-managed install_data
[4.062s] Level 1:colcon.colcon_core.environment:checking '/home/edu/diff_offset_robot/install/kinematics_controller' for CMake config files
[4.063s] Level 1:colcon.colcon_core.environment:checking '/home/edu/diff_offset_robot/install/kinematics_controller/lib'
[4.064s] Level 1:colcon.colcon_core.environment:checking '/home/edu/diff_offset_robot/install/kinematics_controller/bin'
[4.064s] Level 1:colcon.colcon_core.environment:checking '/home/edu/diff_offset_robot/install/kinematics_controller/lib/pkgconfig/kinematics_controller.pc'
[4.064s] Level 1:colcon.colcon_core.environment:checking '/home/edu/diff_offset_robot/install/kinematics_controller/lib/python3.10/site-packages'
[4.065s] Level 1:colcon.colcon_core.shell:create_environment_hook('kinematics_controller', 'pythonpath')
[4.065s] INFO:colcon.colcon_core.shell:Creating environment hook '/home/edu/diff_offset_robot/install/kinematics_controller/share/kinematics_controller/hook/pythonpath.ps1'
[4.066s] INFO:colcon.colcon_core.shell:Creating environment descriptor '/home/edu/diff_offset_robot/install/kinematics_controller/share/kinematics_controller/hook/pythonpath.dsv'
[4.067s] INFO:colcon.colcon_core.shell:Creating environment hook '/home/edu/diff_offset_robot/install/kinematics_controller/share/kinematics_controller/hook/pythonpath.sh'
[4.069s] Level 1:colcon.colcon_core.environment:checking '/home/edu/diff_offset_robot/install/kinematics_controller/bin'
[4.069s] Level 1:colcon.colcon_core.environment:create_environment_scripts_only(kinematics_controller)
[4.070s] INFO:colcon.colcon_core.shell:Creating package script '/home/edu/diff_offset_robot/install/kinematics_controller/share/kinematics_controller/package.ps1'
[4.071s] INFO:colcon.colcon_core.shell:Creating package descriptor '/home/edu/diff_offset_robot/install/kinematics_controller/share/kinematics_controller/package.dsv'
[4.072s] INFO:colcon.colcon_core.shell:Creating package script '/home/edu/diff_offset_robot/install/kinematics_controller/share/kinematics_controller/package.sh'
[4.074s] INFO:colcon.colcon_core.shell:Creating package script '/home/edu/diff_offset_robot/install/kinematics_controller/share/kinematics_controller/package.bash'
[4.075s] INFO:colcon.colcon_core.shell:Creating package script '/home/edu/diff_offset_robot/install/kinematics_controller/share/kinematics_controller/package.zsh'
[4.076s] Level 1:colcon.colcon_core.environment:create_file_with_runtime_dependencies(/home/edu/diff_offset_robot/install/kinematics_controller/share/colcon-core/packages/kinematics_controller)
[4.076s] DEBUG:colcon.colcon_parallel_executor.executor.parallel:closing loop
[4.077s] DEBUG:colcon.colcon_parallel_executor.executor.parallel:loop closed
[4.077s] DEBUG:colcon.colcon_parallel_executor.executor.parallel:run_until_complete finished with '0'
[4.077s] DEBUG:colcon.colcon_core.event_reactor:joining thread
[4.091s] INFO:colcon.colcon_core.plugin_system:Skipping extension 'colcon_notification.desktop_notification.terminal_notifier': Not used on non-Darwin systems
[4.091s] INFO:colcon.colcon_core.plugin_system:Skipping extension 'colcon_notification.desktop_notification.win32': Not used on non-Windows systems
[4.091s] INFO:colcon.colcon_notification.desktop_notification:Sending desktop notification using 'notify2'
[4.132s] DEBUG:colcon.colcon_core.event_reactor:joined thread
[4.133s] INFO:colcon.colcon_core.shell:Creating prefix script '/home/edu/diff_offset_robot/install/local_setup.ps1'
[4.135s] INFO:colcon.colcon_core.shell:Creating prefix util module '/home/edu/diff_offset_robot/install/_local_setup_util_ps1.py'
[4.139s] INFO:colcon.colcon_core.shell:Creating prefix chain script '/home/edu/diff_offset_robot/install/setup.ps1'
[4.142s] INFO:colcon.colcon_core.shell:Creating prefix script '/home/edu/diff_offset_robot/install/local_setup.sh'
[4.144s] INFO:colcon.colcon_core.shell:Creating prefix util module '/home/edu/diff_offset_robot/install/_local_setup_util_sh.py'
[4.145s] INFO:colcon.colcon_core.shell:Creating prefix chain script '/home/edu/diff_offset_robot/install/setup.sh'
[4.148s] INFO:colcon.colcon_core.shell:Creating prefix script '/home/edu/diff_offset_robot/install/local_setup.bash'
[4.150s] INFO:colcon.colcon_core.shell:Creating prefix chain script '/home/edu/diff_offset_robot/install/setup.bash'
[4.152s] INFO:colcon.colcon_core.shell:Creating prefix script '/home/edu/diff_offset_robot/install/local_setup.zsh'
[4.154s] INFO:colcon.colcon_core.shell:Creating prefix chain script '/home/edu/diff_offset_robot/install/setup.zsh'
