[1.430s] Invoking command in '/home/edu/diff_offset_robot/src/model_robot': PYTHONPATH=/home/edu/diff_offset_robot/build/model_robot/prefix_override:/usr/lib/python3/dist-packages/colcon_core/task/python/colcon_distutils_commands:/home/edu/diff_offset_robot/install/model_robot/lib/python3.10/site-packages:${PYTHONPATH} /usr/bin/python3 -W ignore:setup.py install is deprecated -W ignore:easy_install command is deprecated setup.py egg_info --egg-base ../../build/model_robot build --build-base /home/edu/diff_offset_robot/build/model_robot/build install --record /home/edu/diff_offset_robot/build/model_robot/install.log --single-version-externally-managed install_data
[2.046s] running egg_info
[2.048s] writing ../../build/model_robot/model_robot.egg-info/PKG-INFO
[2.048s] writing dependency_links to ../../build/model_robot/model_robot.egg-info/dependency_links.txt
[2.049s] writing entry points to ../../build/model_robot/model_robot.egg-info/entry_points.txt
[2.049s] writing requirements to ../../build/model_robot/model_robot.egg-info/requires.txt
[2.049s] writing top-level names to ../../build/model_robot/model_robot.egg-info/top_level.txt
[2.054s] reading manifest file '../../build/model_robot/model_robot.egg-info/SOURCES.txt'
[2.054s] adding license file 'LICENSE'
[2.056s] writing manifest file '../../build/model_robot/model_robot.egg-info/SOURCES.txt'
[2.057s] running build
[2.057s] running build_py
[2.057s] running install
[2.058s] running install_lib
[2.061s] running install_data
[2.061s] copying urdf/diff_offset_robot.urdf -> /home/edu/diff_offset_robot/install/model_robot/share/model_robot/urdf
[2.062s] running install_egg_info
[2.066s] removing '/home/edu/diff_offset_robot/install/model_robot/lib/python3.10/site-packages/model_robot-0.0.0-py3.10.egg-info' (and everything under it)
[2.067s] Copying ../../build/model_robot/model_robot.egg-info to /home/edu/diff_offset_robot/install/model_robot/lib/python3.10/site-packages/model_robot-0.0.0-py3.10.egg-info
[2.070s] running install_scripts
[2.118s] writing list of installed files to '/home/edu/diff_offset_robot/build/model_robot/install.log'
[2.168s] Invoked command in '/home/edu/diff_offset_robot/src/model_robot' returned '0': PYTHONPATH=/home/edu/diff_offset_robot/build/model_robot/prefix_override:/usr/lib/python3/dist-packages/colcon_core/task/python/colcon_distutils_commands:/home/edu/diff_offset_robot/install/model_robot/lib/python3.10/site-packages:${PYTHONPATH} /usr/bin/python3 -W ignore:setup.py install is deprecated -W ignore:easy_install command is deprecated setup.py egg_info --egg-base ../../build/model_robot build --build-base /home/edu/diff_offset_robot/build/model_robot/build install --record /home/edu/diff_offset_robot/build/model_robot/install.log --single-version-externally-managed install_data
