[1.953s] Invoking command in '/home/edu/diff_offset_robot/src/model_robot': PYTHONPATH=/home/edu/diff_offset_robot/build/model_robot/prefix_override:/usr/lib/python3/dist-packages/colcon_core/task/python/colcon_distutils_commands:/home/edu/diff_offset_robot/install/model_robot/lib/python3.10/site-packages:${PYTHONPATH} /usr/bin/python3 -W ignore:setup.py install is deprecated -W ignore:easy_install command is deprecated setup.py egg_info --egg-base ../../build/model_robot build --build-base /home/edu/diff_offset_robot/build/model_robot/build install --record /home/edu/diff_offset_robot/build/model_robot/install.log --single-version-externally-managed install_data
[2.494s] running egg_info
[2.496s] writing ../../build/model_robot/model_robot.egg-info/PKG-INFO
[2.496s] writing dependency_links to ../../build/model_robot/model_robot.egg-info/dependency_links.txt
[2.497s] writing entry points to ../../build/model_robot/model_robot.egg-info/entry_points.txt
[2.497s] writing requirements to ../../build/model_robot/model_robot.egg-info/requires.txt
[2.497s] writing top-level names to ../../build/model_robot/model_robot.egg-info/top_level.txt
[2.501s] reading manifest file '../../build/model_robot/model_robot.egg-info/SOURCES.txt'
[2.501s] adding license file 'LICENSE'
[2.503s] writing manifest file '../../build/model_robot/model_robot.egg-info/SOURCES.txt'
[2.504s] running build
[2.504s] running build_py
[2.504s] running install
[2.506s] running install_lib
[2.509s] running install_data
[2.509s] copying urdf/diff_offset_robot.urdf.xacro -> /home/edu/diff_offset_robot/install/model_robot/share/model_robot/urdf
[2.510s] running install_egg_info
[2.514s] removing '/home/edu/diff_offset_robot/install/model_robot/lib/python3.10/site-packages/model_robot-0.0.0-py3.10.egg-info' (and everything under it)
[2.515s] Copying ../../build/model_robot/model_robot.egg-info to /home/edu/diff_offset_robot/install/model_robot/lib/python3.10/site-packages/model_robot-0.0.0-py3.10.egg-info
[2.518s] running install_scripts
[2.562s] writing list of installed files to '/home/edu/diff_offset_robot/build/model_robot/install.log'
[2.627s] Invoked command in '/home/edu/diff_offset_robot/src/model_robot' returned '0': PYTHONPATH=/home/edu/diff_offset_robot/build/model_robot/prefix_override:/usr/lib/python3/dist-packages/colcon_core/task/python/colcon_distutils_commands:/home/edu/diff_offset_robot/install/model_robot/lib/python3.10/site-packages:${PYTHONPATH} /usr/bin/python3 -W ignore:setup.py install is deprecated -W ignore:easy_install command is deprecated setup.py egg_info --egg-base ../../build/model_robot build --build-base /home/edu/diff_offset_robot/build/model_robot/build install --record /home/edu/diff_offset_robot/build/model_robot/install.log --single-version-externally-managed install_data
