[1.446s] Invoking command in '/home/edu/diff_offset_robot/src/model_robot': PYTHONPATH=/home/edu/diff_offset_robot/build/model_robot/prefix_override:/usr/lib/python3/dist-packages/colcon_core/task/python/colcon_distutils_commands:/home/edu/diff_offset_robot/install/model_robot/lib/python3.10/site-packages:${PYTHONPATH} /usr/bin/python3 -W ignore:setup.py install is deprecated -W ignore:easy_install command is deprecated setup.py egg_info --egg-base ../../build/model_robot build --build-base /home/edu/diff_offset_robot/build/model_robot/build install --record /home/edu/diff_offset_robot/build/model_robot/install.log --single-version-externally-managed install_data
[2.061s] running egg_info
[2.063s] writing ../../build/model_robot/model_robot.egg-info/PKG-INFO
[2.064s] writing dependency_links to ../../build/model_robot/model_robot.egg-info/dependency_links.txt
[2.064s] writing entry points to ../../build/model_robot/model_robot.egg-info/entry_points.txt
[2.064s] writing requirements to ../../build/model_robot/model_robot.egg-info/requires.txt
[2.065s] writing top-level names to ../../build/model_robot/model_robot.egg-info/top_level.txt
[2.068s] reading manifest file '../../build/model_robot/model_robot.egg-info/SOURCES.txt'
[2.069s] adding license file 'LICENSE'
[2.071s] writing manifest file '../../build/model_robot/model_robot.egg-info/SOURCES.txt'
[2.071s] running build
[2.072s] running build_py
[2.072s] running install
[2.072s] running install_lib
[2.075s] running install_data
[2.075s] copying urdf/diff_offset_robot.urdf -> /home/edu/diff_offset_robot/install/model_robot/share/model_robot/urdf
[2.076s] running install_egg_info
[2.080s] removing '/home/edu/diff_offset_robot/install/model_robot/lib/python3.10/site-packages/model_robot-0.0.0-py3.10.egg-info' (and everything under it)
[2.081s] Copying ../../build/model_robot/model_robot.egg-info to /home/edu/diff_offset_robot/install/model_robot/lib/python3.10/site-packages/model_robot-0.0.0-py3.10.egg-info
[2.084s] running install_scripts
[2.130s] writing list of installed files to '/home/edu/diff_offset_robot/build/model_robot/install.log'
[2.177s] Invoked command in '/home/edu/diff_offset_robot/src/model_robot' returned '0': PYTHONPATH=/home/edu/diff_offset_robot/build/model_robot/prefix_override:/usr/lib/python3/dist-packages/colcon_core/task/python/colcon_distutils_commands:/home/edu/diff_offset_robot/install/model_robot/lib/python3.10/site-packages:${PYTHONPATH} /usr/bin/python3 -W ignore:setup.py install is deprecated -W ignore:easy_install command is deprecated setup.py egg_info --egg-base ../../build/model_robot build --build-base /home/edu/diff_offset_robot/build/model_robot/build install --record /home/edu/diff_offset_robot/build/model_robot/install.log --single-version-externally-managed install_data
