running develop
running egg_info
creating kinematics_controller.egg-info
writing kinematics_controller.egg-info/PKG-INFO
writing dependency_links to kinematics_controller.egg-info/dependency_links.txt
writing entry points to kinematics_controller.egg-info/entry_points.txt
writing requirements to kinematics_controller.egg-info/requires.txt
writing top-level names to kinematics_controller.egg-info/top_level.txt
writing manifest file 'kinematics_controller.egg-info/SOURCES.txt'
reading manifest file 'kinematics_controller.egg-info/SOURCES.txt'
writing manifest file 'kinematics_controller.egg-info/SOURCES.txt'
running build_ext
Creating /home/edu/diff_offset_robot/install/kinematics_controller/lib/python3.10/site-packages/kinematics-controller.egg-link (link to .)
Installing kinematics_node script to /home/edu/diff_offset_robot/install/kinematics_controller/lib/kinematics_controller
Installing teleop_node script to /home/edu/diff_offset_robot/install/kinematics_controller/lib/kinematics_controller

Installed /home/edu/diff_offset_robot/build/kinematics_controller
running symlink_data
creating /home/edu/diff_offset_robot/install/kinematics_controller/share/ament_index
creating /home/edu/diff_offset_robot/install/kinematics_controller/share/ament_index/resource_index
creating /home/edu/diff_offset_robot/install/kinematics_controller/share/ament_index/resource_index/packages
symbolically linking /home/edu/diff_offset_robot/build/kinematics_controller/resource/kinematics_controller -> /home/edu/diff_offset_robot/install/kinematics_controller/share/ament_index/resource_index/packages
symbolically linking /home/edu/diff_offset_robot/build/kinematics_controller/package.xml -> /home/edu/diff_offset_robot/install/kinematics_controller/share/kinematics_controller
