[0.745s] Invoking command in '/home/edu/diff_offset_robot/src/kinematics_controller': PYTHONPATH=/home/edu/diff_offset_robot/build/kinematics_controller/prefix_override:/usr/lib/python3/dist-packages/colcon_core/task/python/colcon_distutils_commands:/home/edu/diff_offset_robot/install/kinematics_controller/lib/python3.10/site-packages:${PYTHONPATH} /usr/bin/python3 -W ignore:setup.py install is deprecated -W ignore:easy_install command is deprecated setup.py egg_info --egg-base ../../build/kinematics_controller build --build-base /home/edu/diff_offset_robot/build/kinematics_controller/build install --record /home/edu/diff_offset_robot/build/kinematics_controller/install.log --single-version-externally-managed install_data
[0.920s] running egg_info
[0.921s] writing ../../build/kinematics_controller/kinematics_controller.egg-info/PKG-INFO
[0.921s] writing dependency_links to ../../build/kinematics_controller/kinematics_controller.egg-info/dependency_links.txt
[0.921s] writing entry points to ../../build/kinematics_controller/kinematics_controller.egg-info/entry_points.txt
[0.921s] writing requirements to ../../build/kinematics_controller/kinematics_controller.egg-info/requires.txt
[0.921s] writing top-level names to ../../build/kinematics_controller/kinematics_controller.egg-info/top_level.txt
[0.923s] reading manifest file '../../build/kinematics_controller/kinematics_controller.egg-info/SOURCES.txt'
[0.924s] writing manifest file '../../build/kinematics_controller/kinematics_controller.egg-info/SOURCES.txt'
[0.924s] running build
[0.924s] running build_py
[0.925s] running install
[0.925s] running install_lib
[0.926s] running install_data
[0.926s] running install_egg_info
[0.927s] removing '/home/edu/diff_offset_robot/install/kinematics_controller/lib/python3.10/site-packages/kinematics_controller-0.0.0-py3.10.egg-info' (and everything under it)
[0.928s] Copying ../../build/kinematics_controller/kinematics_controller.egg-info to /home/edu/diff_offset_robot/install/kinematics_controller/lib/python3.10/site-packages/kinematics_controller-0.0.0-py3.10.egg-info
[0.929s] running install_scripts
[0.944s] Installing kinematics_node script to /home/edu/diff_offset_robot/install/kinematics_controller/lib/kinematics_controller
[0.944s] Installing manual_logger script to /home/edu/diff_offset_robot/install/kinematics_controller/lib/kinematics_controller
[0.944s] Installing platform_logger script to /home/edu/diff_offset_robot/install/kinematics_controller/lib/kinematics_controller
[0.944s] Installing teleop_node script to /home/edu/diff_offset_robot/install/kinematics_controller/lib/kinematics_controller
[0.944s] Installing vxy_logger script to /home/edu/diff_offset_robot/install/kinematics_controller/lib/kinematics_controller
[0.944s] Installing wheel_logger script to /home/edu/diff_offset_robot/install/kinematics_controller/lib/kinematics_controller
[0.945s] writing list of installed files to '/home/edu/diff_offset_robot/build/kinematics_controller/install.log'
[0.977s] Invoked command in '/home/edu/diff_offset_robot/src/kinematics_controller' returned '0': PYTHONPATH=/home/edu/diff_offset_robot/build/kinematics_controller/prefix_override:/usr/lib/python3/dist-packages/colcon_core/task/python/colcon_distutils_commands:/home/edu/diff_offset_robot/install/kinematics_controller/lib/python3.10/site-packages:${PYTHONPATH} /usr/bin/python3 -W ignore:setup.py install is deprecated -W ignore:easy_install command is deprecated setup.py egg_info --egg-base ../../build/kinematics_controller build --build-base /home/edu/diff_offset_robot/build/kinematics_controller/build install --record /home/edu/diff_offset_robot/build/kinematics_controller/install.log --single-version-externally-managed install_data
