[0.690s] Invoking command in '/home/edu/diff_offset_robot/src/model_robot': PYTHONPATH=/home/edu/diff_offset_robot/build/model_robot/prefix_override:/usr/lib/python3/dist-packages/colcon_core/task/python/colcon_distutils_commands:/home/edu/diff_offset_robot/install/model_robot/lib/python3.10/site-packages:${PYTHONPATH} /usr/bin/python3 -W ignore:setup.py install is deprecated -W ignore:easy_install command is deprecated setup.py egg_info --egg-base ../../build/model_robot build --build-base /home/edu/diff_offset_robot/build/model_robot/build install --record /home/edu/diff_offset_robot/build/model_robot/install.log --single-version-externally-managed install_data
[0.946s] running egg_info
[0.946s] writing ../../build/model_robot/model_robot.egg-info/PKG-INFO
[0.947s] writing dependency_links to ../../build/model_robot/model_robot.egg-info/dependency_links.txt
[0.947s] writing entry points to ../../build/model_robot/model_robot.egg-info/entry_points.txt
[0.947s] writing requirements to ../../build/model_robot/model_robot.egg-info/requires.txt
[0.947s] writing top-level names to ../../build/model_robot/model_robot.egg-info/top_level.txt
[0.949s] reading manifest file '../../build/model_robot/model_robot.egg-info/SOURCES.txt'
[0.949s] adding license file 'LICENSE'
[0.950s] writing manifest file '../../build/model_robot/model_robot.egg-info/SOURCES.txt'
[0.950s] running build
[0.950s] running build_py
[0.951s] running install
[0.951s] running install_lib
[0.952s] running install_data
[0.952s] copying urdf/diff_offset_robot.urdf -> /home/edu/diff_offset_robot/install/model_robot/share/model_robot/urdf
[0.952s] copying launch/gazebo.launch.py -> /home/edu/diff_offset_robot/install/model_robot/share/model_robot/launch
[0.953s] copying meshes/body_wheel_link.STL -> /home/edu/diff_offset_robot/install/model_robot/share/model_robot/meshes
[0.953s] copying meshes/lidar_link.STL -> /home/edu/diff_offset_robot/install/model_robot/share/model_robot/meshes
[0.953s] copying meshes/base_link.STL -> /home/edu/diff_offset_robot/install/model_robot/share/model_robot/meshes
[0.954s] copying meshes/top_base_link.STL -> /home/edu/diff_offset_robot/install/model_robot/share/model_robot/meshes
[0.954s] copying meshes/left_wheel_link.STL -> /home/edu/diff_offset_robot/install/model_robot/share/model_robot/meshes
[0.955s] copying meshes/caster_wheel_link.STL -> /home/edu/diff_offset_robot/install/model_robot/share/model_robot/meshes
[0.955s] copying meshes/right_wheel_link.STL -> /home/edu/diff_offset_robot/install/model_robot/share/model_robot/meshes
[0.956s] running install_egg_info
[0.958s] removing '/home/edu/diff_offset_robot/install/model_robot/lib/python3.10/site-packages/model_robot-0.0.0-py3.10.egg-info' (and everything under it)
[0.958s] Copying ../../build/model_robot/model_robot.egg-info to /home/edu/diff_offset_robot/install/model_robot/lib/python3.10/site-packages/model_robot-0.0.0-py3.10.egg-info
[0.959s] running install_scripts
[0.982s] writing list of installed files to '/home/edu/diff_offset_robot/build/model_robot/install.log'
[1.007s] Invoked command in '/home/edu/diff_offset_robot/src/model_robot' returned '0': PYTHONPATH=/home/edu/diff_offset_robot/build/model_robot/prefix_override:/usr/lib/python3/dist-packages/colcon_core/task/python/colcon_distutils_commands:/home/edu/diff_offset_robot/install/model_robot/lib/python3.10/site-packages:${PYTHONPATH} /usr/bin/python3 -W ignore:setup.py install is deprecated -W ignore:easy_install command is deprecated setup.py egg_info --egg-base ../../build/model_robot build --build-base /home/edu/diff_offset_robot/build/model_robot/build install --record /home/edu/diff_offset_robot/build/model_robot/install.log --single-version-externally-managed install_data
