[0.637s] Invoking command in '/home/edu/diff_offset_robot/src/model_robot': PYTHONPATH=/home/edu/diff_offset_robot/build/model_robot/prefix_override:/usr/lib/python3/dist-packages/colcon_core/task/python/colcon_distutils_commands:/home/edu/diff_offset_robot/install/model_robot/lib/python3.10/site-packages:${PYTHONPATH} /usr/bin/python3 -W ignore:setup.py install is deprecated -W ignore:easy_install command is deprecated setup.py egg_info --egg-base ../../build/model_robot build --build-base /home/edu/diff_offset_robot/build/model_robot/build install --record /home/edu/diff_offset_robot/build/model_robot/install.log --single-version-externally-managed install_data
[0.890s] running egg_info
[0.891s] writing ../../build/model_robot/model_robot.egg-info/PKG-INFO
[0.891s] writing dependency_links to ../../build/model_robot/model_robot.egg-info/dependency_links.txt
[0.892s] writing entry points to ../../build/model_robot/model_robot.egg-info/entry_points.txt
[0.892s] writing requirements to ../../build/model_robot/model_robot.egg-info/requires.txt
[0.892s] writing top-level names to ../../build/model_robot/model_robot.egg-info/top_level.txt
[0.894s] reading manifest file '../../build/model_robot/model_robot.egg-info/SOURCES.txt'
[0.894s] adding license file 'LICENSE'
[0.895s] writing manifest file '../../build/model_robot/model_robot.egg-info/SOURCES.txt'
[0.895s] running build
[0.895s] running build_py
[0.895s] running install
[0.895s] running install_lib
[0.896s] running install_data
[0.897s] copying urdf/diff_offset_robot.urdf -> /home/edu/diff_offset_robot/install/model_robot/share/model_robot/urdf
[0.897s] running install_egg_info
[0.899s] removing '/home/edu/diff_offset_robot/install/model_robot/lib/python3.10/site-packages/model_robot-0.0.0-py3.10.egg-info' (and everything under it)
[0.899s] Copying ../../build/model_robot/model_robot.egg-info to /home/edu/diff_offset_robot/install/model_robot/lib/python3.10/site-packages/model_robot-0.0.0-py3.10.egg-info
[0.901s] running install_scripts
[0.922s] writing list of installed files to '/home/edu/diff_offset_robot/build/model_robot/install.log'
[0.946s] Invoked command in '/home/edu/diff_offset_robot/src/model_robot' returned '0': PYTHONPATH=/home/edu/diff_offset_robot/build/model_robot/prefix_override:/usr/lib/python3/dist-packages/colcon_core/task/python/colcon_distutils_commands:/home/edu/diff_offset_robot/install/model_robot/lib/python3.10/site-packages:${PYTHONPATH} /usr/bin/python3 -W ignore:setup.py install is deprecated -W ignore:easy_install command is deprecated setup.py egg_info --egg-base ../../build/model_robot build --build-base /home/edu/diff_offset_robot/build/model_robot/build install --record /home/edu/diff_offset_robot/build/model_robot/install.log --single-version-externally-managed install_data
